Log file open, 10/12/19 14:46:45
LogWindows: Failed to load 'aqProf.dll' (GetLastError=126)
LogWindows: File 'aqProf.dll' does not exist
LogWindows: Failed to load 'VtuneApi.dll' (GetLastError=126)
LogWindows: File 'VtuneApi.dll' does not exist
LogWindows: Failed to load 'VtuneApi32e.dll' (GetLastError=126)
LogWindows: File 'VtuneApi32e.dll' does not exist
LogConsoleResponse: Display: Failed to find resolution value strings in scalability ini. Falling back to default.
LogInit: Display: Running engine without a game
LogPakFile: Registered encryption key '00000000000000000000000000000000': 0 pak files mounted, 0 remain pending
LogPlatformFile: Not using cached read wrapper
LogInit: Display: Loading recent project file: D:/Documents/Tukkies/2019/IMY 300/Project/GameProject/Game/Game/TheLastLine/TheLastLine.uproject
LogTaskGraph: Started task graph with 5 named threads and 35 total threads with 3 sets of task threads.
LogStats: Stats thread started at 0.426131
LogD3D11RHI: Loaded GFSDK_Aftermath_Lib.x64.dll
LogICUInternationalization: ICU TimeZone Detection - Raw Offset: +2:00, Platform Override: ''
LogPluginManager: Mounting plugin Paper2D
LogPluginManager: Mounting plugin AISupport
LogPluginManager: Mounting plugin LightPropagationVolume
LogPluginManager: Mounting plugin ActorLayerUtilities
LogPluginManager: Mounting plugin CLionSourceCodeAccess
LogPluginManager: Mounting plugin CodeLiteSourceCodeAccess
LogPluginManager: Mounting plugin GitSourceControl
LogPluginManager: Mounting plugin KDevelopSourceCodeAccess
LogPluginManager: Mounting plugin NullSourceCodeAccess
LogPluginManager: Mounting plugin PerforceSourceControl
LogPluginManager: Mounting plugin SubversionSourceControl
LogPluginManager: Mounting plugin UObjectPlugin
LogPluginManager: Mounting plugin VisualStudioCodeSourceCodeAccess
LogPluginManager: Mounting plugin VisualStudioSourceCodeAccess
LogPluginManager: Mounting plugin XCodeSourceCodeAccess
LogPluginManager: Mounting plugin AssetManagerEditor
LogPluginManager: Mounting plugin CryptoKeys
LogPluginManager: Mounting plugin DataValidation
LogPluginManager: Mounting plugin FacialAnimation
LogPluginManager: Mounting plugin GameplayTagsEditor
LogPluginManager: Mounting plugin MacGraphicsSwitching
LogPluginManager: Mounting plugin MeshEditor
LogPluginManager: Mounting plugin MobileLauncherProfileWizard
LogPluginManager: Mounting plugin PluginBrowser
LogPluginManager: Mounting plugin SpeedTreeImporter
LogPluginManager: Mounting plugin DatasmithContent
LogPluginManager: Mounting plugin VariantManagerContent
LogPluginManager: Mounting plugin AlembicImporter
LogPluginManager: Mounting plugin AppleImageUtils
LogPluginManager: Mounting plugin AppleVision
LogPluginManager: Mounting plugin BackChannel
LogPluginManager: Mounting plugin CharacterAI
LogPluginManager: Mounting plugin GeometryCache
LogPluginManager: Mounting plugin HTML5Networking
LogPluginManager: Mounting plugin ProxyLODPlugin
LogPluginManager: Mounting plugin MagicLeap
LogPluginManager: Mounting plugin MagicLeapMedia
LogPluginManager: Mounting plugin AndroidMedia
LogPluginManager: Mounting plugin AvfMedia
LogPluginManager: Mounting plugin ImgMedia
LogPluginManager: Mounting plugin LinearTimecode
LogPluginManager: Mounting plugin MediaCompositing
LogPluginManager: Mounting plugin MediaPlayerEditor
LogPluginManager: Mounting plugin WebMMedia
LogPluginManager: Mounting plugin WmfMedia
LogPluginManager: Mounting plugin TcpMessaging
LogPluginManager: Mounting plugin UdpMessaging
LogPluginManager: Mounting plugin ActorSequence
LogPluginManager: Mounting plugin LevelSequenceEditor
LogPluginManager: Mounting plugin MatineeToLevelSequence
LogPluginManager: Mounting plugin NetcodeUnitTest
LogPluginManager: Mounting plugin NUTUnrealEngine4
LogPluginManager: Mounting plugin OnlineSubsystemGooglePlay
LogPluginManager: Mounting plugin OnlineSubsystemIOS
LogPluginManager: Mounting plugin OnlineSubsystem
LogPluginManager: Mounting plugin OnlineSubsystemNull
LogPluginManager: Mounting plugin OnlineSubsystemUtils
LogPluginManager: Mounting plugin LauncherChunkInstaller
LogPluginManager: Mounting plugin AndroidDeviceProfileSelector
LogPluginManager: Mounting plugin AndroidMoviePlayer
LogPluginManager: Mounting plugin AndroidPermission
LogPluginManager: Mounting plugin ApexDestruction
LogPluginManager: Mounting plugin AppleMoviePlayer
LogPluginManager: Mounting plugin ArchVisCharacter
LogPluginManager: Mounting plugin AudioCapture
LogPluginManager: Mounting plugin CableComponent
LogPluginManager: Mounting plugin CustomMeshComponent
LogPluginManager: Mounting plugin EditableMesh
LogPluginManager: Mounting plugin ExampleDeviceProfileSelector
LogPluginManager: Mounting plugin Firebase
LogPluginManager: Mounting plugin GoogleCloudMessaging
LogPluginManager: Mounting plugin IOSDeviceProfileSelector
LogPluginManager: Mounting plugin LinuxDeviceProfileSelector
LogPluginManager: Mounting plugin LocationServicesBPLibrary
LogPluginManager: Mounting plugin MobilePatchingUtils
LogPluginManager: Mounting plugin OculusVR
LogPluginManager: Mounting plugin PhysXVehicles
LogPluginManager: Mounting plugin ProceduralMeshComponent
LogPluginManager: Mounting plugin RuntimePhysXCooking
LogPluginManager: Mounting plugin SteamVR
LogPluginManager: Mounting plugin WebMMoviePlayer
LogPluginManager: Mounting plugin WindowsMoviePlayer
LogStreaming: Display: Took  0.164s to configure plugins.
LogInit: Using libcurl 7.55.1-DEV
LogInit:  - built for x86_64-pc-win32
LogInit:  - supports SSL with OpenSSL/1.0.2h
LogInit:  - supports HTTP deflate (compression) using libz 1.2.8
LogInit:  - other features:
LogInit:      CURL_VERSION_SSL
LogInit:      CURL_VERSION_LIBZ
LogInit:      CURL_VERSION_IPV6
LogInit:      CURL_VERSION_ASYNCHDNS
LogInit:      CURL_VERSION_LARGEFILE
LogInit:      CURL_VERSION_IDN
LogInit:  CurlRequestOptions (configurable via config and command line):
LogInit:  - bVerifyPeer = true  - Libcurl will verify peer certificate
LogInit:  - bUseHttpProxy = false  - Libcurl will NOT use HTTP proxy
LogInit:  - bDontReuseConnections = false  - Libcurl will reuse connections
LogInit:  - MaxHostConnections = 16  - Libcurl will limit the number of connections to a host
LogInit:  - LocalHostAddr = Default
LogInit:  - BufferSize = 65536
LogInit: WinSock: version 1.1 (2.2), MaxSocks=32767, MaxUdp=65467
LogInit: Build: ++UE4+Release-4.21-CL-4753647
LogInit: Engine Version: 4.21.2-4753647+++UE4+Release-4.21
LogInit: Compatible Engine Version: 4.21.0-4541578+++UE4+Release-4.21
LogInit: Net CL: 4541578
LogInit: OS: Windows 10 (), CPU: AMD Ryzen 5 1600X Six-Core Processor           , GPU: NVIDIA GeForce GTX 1070 Ti
LogInit: Compiled (64-bit): Jan 19 2019 02:07:31
LogInit: Compiled with Visual C++: 19.13.26129.00
LogInit: Build Configuration: Development
LogInit: Branch Name: ++UE4+Release-4.21
LogInit: Command Line: 
LogInit: Base Directory: C:/Program Files/Epic Games/UE_4.21/Engine/Binaries/Win64/
LogInit: Installed Engine Build: 1
LogDevObjectVersion: Number of dev versions registered: 22
LogDevObjectVersion:   Dev-Blueprints (B0D832E4-1F89-4F0D-ACCF-7EB736FD4AA2): 10
LogDevObjectVersion:   Dev-Build (E1C64328-A22C-4D53-A36C-8E866417BD8C): 0
LogDevObjectVersion:   Dev-Core (375EC13C-06E4-48FB-B500-84F0262A717E): 2
LogDevObjectVersion:   Dev-Editor (E4B068ED-F494-42E9-A231-DA0B2E46BB41): 26
LogDevObjectVersion:   Dev-Framework (CFFC743F-43B0-4480-9391-14DF171D2073): 34
LogDevObjectVersion:   Dev-Mobile (B02B49B5-BB20-44E9-A304-32B752E40360): 2
LogDevObjectVersion:   Dev-Networking (A4E4105C-59A1-49B5-A7C5-40C4547EDFEE): 0
LogDevObjectVersion:   Dev-Online (39C831C9-5AE6-47DC-9A44-9C173E1C8E7C): 0
LogDevObjectVersion:   Dev-Physics (78F01B33-EBEA-4F98-B9B4-84EACCB95AA2): 0
LogDevObjectVersion:   Dev-Platform (6631380F-2D4D-43E0-8009-CF276956A95A): 0
LogDevObjectVersion:   Dev-Rendering (12F88B9F-8875-4AFC-A67C-D90C383ABD29): 27
LogDevObjectVersion:   Dev-Sequencer (7B5AE74C-D270-4C10-A958-57980B212A5A): 9
LogDevObjectVersion:   Dev-VR (D7296918-1DD6-4BDD-9DE2-64A83CC13884): 2
LogDevObjectVersion:   Dev-LoadTimes (C2A15278-BFE7-4AFE-6C17-90FF531DF755): 1
LogDevObjectVersion:   Private-Geometry (6EACA3D4-40EC-4CC1-B786-8BED09428FC5): 3
LogDevObjectVersion:   Dev-AnimPhys (29E575DD-E0A3-4627-9D10-D276232CDCEA): 17
LogDevObjectVersion:   Dev-Anim (AF43A65D-7FD3-4947-9873-3E8ED9C1BB05): 2
LogDevObjectVersion:   Dev-ReflectionCapture (6B266CEC-1EC7-4B8F-A30B-E4D90942FC07): 1
LogDevObjectVersion:   Dev-Automation (0DF73D61-A23F-47EA-B727-89E90C41499A): 1
LogDevObjectVersion:   FortniteMain (601D1886-AC64-4F84-AA16-D3DE0DEAC7D6): 17
LogDevObjectVersion:   Dev-Enterprise (9DFFBCD6-494F-0158-E221-12823C92A888): 4
LogDevObjectVersion:   Dev-Niagara (F2AED0AC-9AFE-416F-8664-AA7FFA26D6FC): 1
LogStreaming: Display: Took  0.001s to delete old logs.
LogInit: Presizing for max 8388607 objects, including 0 objects not considered by GC, pre-allocating 0 bytes for permanent pool.
LogInit: Object subsystem initialized
LogConfig: Setting CVar [[con.DebugEarlyDefault:1]]
LogConfig: Setting CVar [[r.setres:1280x720]]
[2019.10.12-12.46.46:246][  0]LogConfig: Setting CVar [[r.VSync:0]]
[2019.10.12-12.46.46:246][  0]LogConfig: Setting CVar [[r.RHICmdBypass:0]]
[2019.10.12-12.46.46:246][  0]LogConfig: Applying CVar settings from Section [/Script/Engine.RendererSettings] File [D:/Documents/Tukkies/2019/IMY 300/Project/GameProject/Game/Game/TheLastLine/Saved/Config/Windows/Engine.ini]
[2019.10.12-12.46.46:246][  0]LogConfig: Setting CVar [[r.GPUCrashDebugging:0]]
[2019.10.12-12.46.46:246][  0]LogConfig: Setting CVar [[r.ReflectionCaptureResolution:64]]
[2019.10.12-12.46.46:246][  0]LogConfig: Setting CVar [[r.CustomDepth:2]]
[2019.10.12-12.46.46:246][  0]LogConfig: Setting CVar [[r.DOF.Algorithm:0]]
[2019.10.12-12.46.46:246][  0]LogConfig: Setting CVar [[r.DefaultFeature.Bloom:1]]
[2019.10.12-12.46.46:246][  0]LogConfig: Setting CVar [[r.DefaultFeature.AmbientOcclusion:0]]
[2019.10.12-12.46.46:246][  0]LogConfig: Setting CVar [[r.DefaultFeature.AmbientOcclusionStaticFraction:0]]
[2019.10.12-12.46.46:247][  0]LogConfig: Setting CVar [[r.DefaultFeature.AntiAliasing:1]]
[2019.10.12-12.46.46:247][  0]LogConfig: Applying CVar settings from Section [/Script/Engine.RendererOverrideSettings] File [D:/Documents/Tukkies/2019/IMY 300/Project/GameProject/Game/Game/TheLastLine/Saved/Config/Windows/Engine.ini]
[2019.10.12-12.46.46:247][  0]LogConfig: Applying CVar settings from Section [/Script/Engine.StreamingSettings] File [D:/Documents/Tukkies/2019/IMY 300/Project/GameProject/Game/Game/TheLastLine/Saved/Config/Windows/Engine.ini]
[2019.10.12-12.46.46:247][  0]LogConfig: Setting CVar [[s.MinBulkDataSizeForAsyncLoading:131072]]
[2019.10.12-12.46.46:247][  0]LogConfig: Setting CVar [[s.AsyncLoadingThreadEnabled:0]]
[2019.10.12-12.46.46:247][  0]LogConfig: Setting CVar [[s.EventDrivenLoaderEnabled:1]]
[2019.10.12-12.46.46:247][  0]LogConfig: Setting CVar [[s.WarnIfTimeLimitExceeded:0]]
[2019.10.12-12.46.46:247][  0]LogConfig: Setting CVar [[s.TimeLimitExceededMultiplier:1.5]]
[2019.10.12-12.46.46:247][  0]LogConfig: Setting CVar [[s.TimeLimitExceededMinTime:0.005]]
[2019.10.12-12.46.46:247][  0]LogConfig: Setting CVar [[s.UseBackgroundLevelStreaming:1]]
[2019.10.12-12.46.46:247][  0]LogConfig: Setting CVar [[s.PriorityAsyncLoadingExtraTime:15.0]]
[2019.10.12-12.46.46:247][  0]LogConfig: Setting CVar [[s.LevelStreamingActorsUpdateTimeLimit:5.0]]
[2019.10.12-12.46.46:247][  0]LogConfig: Setting CVar [[s.PriorityLevelStreamingActorsUpdateExtraTime:5.0]]
[2019.10.12-12.46.46:247][  0]LogConfig: Setting CVar [[s.LevelStreamingComponentsRegistrationGranularity:10]]
[2019.10.12-12.46.46:247][  0]LogConfig: Setting CVar [[s.UnregisterComponentsTimeLimit:1.0]]
[2019.10.12-12.46.46:247][  0]LogConfig: Setting CVar [[s.LevelStreamingComponentsUnregistrationGranularity:5]]
[2019.10.12-12.46.46:247][  0]LogConfig: Applying CVar settings from Section [/Script/Engine.GarbageCollectionSettings] File [D:/Documents/Tukkies/2019/IMY 300/Project/GameProject/Game/Game/TheLastLine/Saved/Config/Windows/Engine.ini]
[2019.10.12-12.46.46:247][  0]LogConfig: Setting CVar [[gc.MaxObjectsNotConsideredByGC:1]]
[2019.10.12-12.46.46:247][  0]LogConfig: Setting CVar [[gc.SizeOfPermanentObjectPool:0]]
[2019.10.12-12.46.46:247][  0]LogConfig: Setting CVar [[gc.FlushStreamingOnGC:0]]
[2019.10.12-12.46.46:247][  0]LogConfig: Setting CVar [[gc.NumRetriesBeforeForcingGC:10]]
[2019.10.12-12.46.46:247][  0]LogConfig: Setting CVar [[gc.AllowParallelGC:1]]
[2019.10.12-12.46.46:247][  0]LogConfig: Setting CVar [[gc.TimeBetweenPurgingPendingKillObjects:61.1]]
[2019.10.12-12.46.46:247][  0]LogConfig: Setting CVar [[gc.MaxObjectsInEditor:8388607]]
[2019.10.12-12.46.46:247][  0]LogConfig: Setting CVar [[gc.IncrementalBeginDestroyEnabled:1]]
[2019.10.12-12.46.46:247][  0]LogConfig: Setting CVar [[gc.CreateGCClusters:1]]
[2019.10.12-12.46.46:247][  0]LogConfig: Setting CVar [[gc.MergeGCClusters:0]]
[2019.10.12-12.46.46:247][  0]LogConfig: Setting CVar [[gc.MinGCClusterSize:5]]
[2019.10.12-12.46.46:247][  0]LogConfig: Setting CVar [[gc.ActorClusteringEnabled:0]]
[2019.10.12-12.46.46:247][  0]LogConfig: Setting CVar [[gc.BlueprintClusteringEnabled:0]]
[2019.10.12-12.46.46:247][  0]LogConfig: Setting CVar [[gc.UseDisregardForGCOnDedicatedServers:0]]
[2019.10.12-12.46.46:247][  0]LogConfig: Applying CVar settings from Section [/Script/Engine.NetworkSettings] File [D:/Documents/Tukkies/2019/IMY 300/Project/GameProject/Game/Game/TheLastLine/Saved/Config/Windows/Engine.ini]
[2019.10.12-12.46.46:247][  0]LogConfig: Applying CVar settings from Section [/Script/UnrealEd.CookerSettings] File [D:/Documents/Tukkies/2019/IMY 300/Project/GameProject/Game/Game/TheLastLine/Saved/Config/Windows/Engine.ini]
[2019.10.12-12.46.46:251][  0]LogConfig: Applying CVar settings from Section [ViewDistanceQuality@3] File [D:/Documents/Tukkies/2019/IMY 300/Project/GameProject/Game/Game/TheLastLine/Saved/Config/Windows/Scalability.ini]
[2019.10.12-12.46.46:251][  0]LogConfig: Setting CVar [[r.SkeletalMeshLODBias:0]]
[2019.10.12-12.46.46:251][  0]LogConfig: Setting CVar [[r.ViewDistanceScale:1.0]]
[2019.10.12-12.46.46:251][  0]LogConfig: Applying CVar settings from Section [AntiAliasingQuality@3] File [D:/Documents/Tukkies/2019/IMY 300/Project/GameProject/Game/Game/TheLastLine/Saved/Config/Windows/Scalability.ini]
[2019.10.12-12.46.46:251][  0]LogConfig: Setting CVar [[r.PostProcessAAQuality:4]]
[2019.10.12-12.46.46:251][  0]LogConfig: Applying CVar settings from Section [ShadowQuality@3] File [D:/Documents/Tukkies/2019/IMY 300/Project/GameProject/Game/Game/TheLastLine/Saved/Config/Windows/Scalability.ini]
[2019.10.12-12.46.46:251][  0]LogConfig: Setting CVar [[r.LightFunctionQuality:1]]
[2019.10.12-12.46.46:251][  0]LogConfig: Setting CVar [[r.ShadowQuality:5]]
[2019.10.12-12.46.46:251][  0]LogConfig: Setting CVar [[r.Shadow.CSM.MaxCascades:10]]
[2019.10.12-12.46.46:251][  0]LogConfig: Setting CVar [[r.Shadow.MaxResolution:2048]]
[2019.10.12-12.46.46:251][  0]LogConfig: Setting CVar [[r.Shadow.MaxCSMResolution:2048]]
[2019.10.12-12.46.46:251][  0]LogConfig: Setting CVar [[r.Shadow.RadiusThreshold:0.01]]
[2019.10.12-12.46.46:251][  0]LogConfig: Setting CVar [[r.Shadow.DistanceScale:1.0]]
[2019.10.12-12.46.46:251][  0]LogConfig: Setting CVar [[r.Shadow.CSM.TransitionScale:1.0]]
[2019.10.12-12.46.46:251][  0]LogConfig: Setting CVar [[r.Shadow.PreShadowResolutionFactor:1.0]]
[2019.10.12-12.46.46:251][  0]LogConfig: Setting CVar [[r.DistanceFieldShadowing:1]]
[2019.10.12-12.46.46:251][  0]LogConfig: Setting CVar [[r.DistanceFieldAO:1]]
[2019.10.12-12.46.46:251][  0]LogConfig: Setting CVar [[r.AOQuality:2]]
[2019.10.12-12.46.46:251][  0]LogConfig: Setting CVar [[r.VolumetricFog:1]]
[2019.10.12-12.46.46:251][  0]LogConfig: Setting CVar [[r.VolumetricFog.GridPixelSize:8]]
[2019.10.12-12.46.46:251][  0]LogConfig: Setting CVar [[r.VolumetricFog.GridSizeZ:128]]
[2019.10.12-12.46.46:251][  0]LogConfig: Setting CVar [[r.VolumetricFog.HistoryMissSupersampleCount:4]]
[2019.10.12-12.46.46:251][  0]LogConfig: Setting CVar [[r.LightMaxDrawDistanceScale:1]]
[2019.10.12-12.46.46:251][  0]LogConfig: Setting CVar [[r.CapsuleShadows:1]]
[2019.10.12-12.46.46:251][  0]LogConfig: Applying CVar settings from Section [PostProcessQuality@3] File [D:/Documents/Tukkies/2019/IMY 300/Project/GameProject/Game/Game/TheLastLine/Saved/Config/Windows/Scalability.ini]
[2019.10.12-12.46.46:252][  0]LogConfig: Setting CVar [[r.MotionBlurQuality:4]]
[2019.10.12-12.46.46:252][  0]LogConfig: Setting CVar [[r.AmbientOcclusionMipLevelFactor:0.4]]
[2019.10.12-12.46.46:252][  0]LogConfig: Setting CVar [[r.AmbientOcclusionMaxQuality:100]]
[2019.10.12-12.46.46:252][  0]LogConfig: Setting CVar [[r.AmbientOcclusionLevels:-1]]
[2019.10.12-12.46.46:252][  0]LogConfig: Setting CVar [[r.AmbientOcclusionRadiusScale:1.0]]
[2019.10.12-12.46.46:252][  0]LogConfig: Setting CVar [[r.DepthOfFieldQuality:2]]
[2019.10.12-12.46.46:252][  0]LogConfig: Setting CVar [[r.RenderTargetPoolMin:400]]
[2019.10.12-12.46.46:252][  0]LogConfig: Setting CVar [[r.LensFlareQuality:2]]
[2019.10.12-12.46.46:252][  0]LogConfig: Setting CVar [[r.SceneColorFringeQuality:1]]
[2019.10.12-12.46.46:252][  0]LogConfig: Setting CVar [[r.EyeAdaptationQuality:2]]
[2019.10.12-12.46.46:252][  0]LogConfig: Setting CVar [[r.BloomQuality:5]]
[2019.10.12-12.46.46:252][  0]LogConfig: Setting CVar [[r.FastBlurThreshold:100]]
[2019.10.12-12.46.46:252][  0]LogConfig: Setting CVar [[r.Upscale.Quality:3]]
[2019.10.12-12.46.46:252][  0]LogConfig: Setting CVar [[r.Tonemapper.GrainQuantization:1]]
[2019.10.12-12.46.46:252][  0]LogConfig: Setting CVar [[r.LightShaftQuality:1]]
[2019.10.12-12.46.46:252][  0]LogConfig: Setting CVar [[r.Filter.SizeScale:1]]
[2019.10.12-12.46.46:252][  0]LogConfig: Setting CVar [[r.Tonemapper.Quality:5]]
[2019.10.12-12.46.46:252][  0]LogConfig: Setting CVar [[r.DOF.Gather.AccumulatorQuality:1        ; higher gathering accumulator quality]]
[2019.10.12-12.46.46:252][  0]LogConfig: Setting CVar [[r.DOF.Gather.PostfilterMethod:1          ; Median3x3 postfilering method]]
[2019.10.12-12.46.46:252][  0]LogConfig: Setting CVar [[r.DOF.Gather.EnableBokehSettings:0       ; no bokeh simulation when gathering]]
[2019.10.12-12.46.46:252][  0]LogConfig: Setting CVar [[r.DOF.Gather.RingCount:4                 ; medium number of samples when gathering]]
[2019.10.12-12.46.46:252][  0]LogConfig: Setting CVar [[r.DOF.Scatter.ForegroundCompositing:1    ; additive foreground scattering]]
[2019.10.12-12.46.46:252][  0]LogConfig: Setting CVar [[r.DOF.Scatter.BackgroundCompositing:2    ; additive background scattering]]
[2019.10.12-12.46.46:252][  0]LogConfig: Setting CVar [[r.DOF.Scatter.EnableBokehSettings:1      ; bokeh simulation when scattering]]
[2019.10.12-12.46.46:252][  0]LogConfig: Setting CVar [[r.DOF.Scatter.MaxSpriteRatio:0.1         ; only a maximum of 10% of scattered bokeh]]
[2019.10.12-12.46.46:252][  0]LogConfig: Setting CVar [[r.DOF.Recombine.Quality:1                ; cheap slight out of focus]]
[2019.10.12-12.46.46:252][  0]LogConfig: Setting CVar [[r.DOF.Recombine.EnableBokehSettings:0    ; no bokeh simulation on slight out of focus]]
[2019.10.12-12.46.46:252][  0]LogConfig: Setting CVar [[r.DOF.TemporalAAQuality:1                ; more stable temporal accumulation]]
[2019.10.12-12.46.46:252][  0]LogConfig: Setting CVar [[r.DOF.Kernel.MaxForegroundRadius:0.025]]
[2019.10.12-12.46.46:252][  0]LogConfig: Setting CVar [[r.DOF.Kernel.MaxBackgroundRadius:0.025]]
[2019.10.12-12.46.46:252][  0]LogConfig: Applying CVar settings from Section [TextureQuality@3] File [D:/Documents/Tukkies/2019/IMY 300/Project/GameProject/Game/Game/TheLastLine/Saved/Config/Windows/Scalability.ini]
[2019.10.12-12.46.46:252][  0]LogConfig: Setting CVar [[r.Streaming.MipBias:0]]
[2019.10.12-12.46.46:252][  0]LogConfig: Setting CVar [[r.Streaming.AmortizeCPUToGPUCopy:0]]
[2019.10.12-12.46.46:252][  0]LogConfig: Setting CVar [[r.Streaming.MaxNumTexturesToStreamPerFrame:0]]
[2019.10.12-12.46.46:252][  0]LogConfig: Setting CVar [[r.Streaming.Boost:1]]
[2019.10.12-12.46.46:252][  0]LogConfig: Setting CVar [[r.MaxAnisotropy:8]]
[2019.10.12-12.46.46:252][  0]LogConfig: Setting CVar [[r.Streaming.LimitPoolSizeToVRAM:0]]
[2019.10.12-12.46.46:252][  0]LogConfig: Setting CVar [[r.Streaming.PoolSize:1000]]
[2019.10.12-12.46.46:252][  0]LogConfig: Setting CVar [[r.Streaming.MaxEffectiveScreenSize:0]]
[2019.10.12-12.46.46:252][  0]LogConfig: Applying CVar settings from Section [EffectsQuality@3] File [D:/Documents/Tukkies/2019/IMY 300/Project/GameProject/Game/Game/TheLastLine/Saved/Config/Windows/Scalability.ini]
[2019.10.12-12.46.46:252][  0]LogConfig: Setting CVar [[r.TranslucencyLightingVolumeDim:64]]
[2019.10.12-12.46.46:252][  0]LogConfig: Setting CVar [[r.RefractionQuality:2]]
[2019.10.12-12.46.46:252][  0]LogConfig: Setting CVar [[r.SSR.Quality:3]]
[2019.10.12-12.46.46:252][  0]LogConfig: Setting CVar [[r.SceneColorFormat:4]]
[2019.10.12-12.46.46:252][  0]LogConfig: Setting CVar [[r.DetailMode:2]]
[2019.10.12-12.46.46:252][  0]LogConfig: Setting CVar [[r.TranslucencyVolumeBlur:1]]
[2019.10.12-12.46.46:252][  0]LogConfig: Setting CVar [[r.MaterialQualityLevel:1 ; High quality]]
[2019.10.12-12.46.46:252][  0]LogConfig: Setting CVar [[r.SSS.Scale:1]]
[2019.10.12-12.46.46:252][  0]LogConfig: Setting CVar [[r.SSS.SampleSet:2]]
[2019.10.12-12.46.46:252][  0]LogConfig: Setting CVar [[r.SSS.Quality:1]]
[2019.10.12-12.46.46:252][  0]LogConfig: Setting CVar [[r.SSS.HalfRes:1]]
[2019.10.12-12.46.46:252][  0]LogConfig: Setting CVar [[r.EmitterSpawnRateScale:1.0]]
[2019.10.12-12.46.46:252][  0]LogConfig: Setting CVar [[r.ParticleLightQuality:2]]
[2019.10.12-12.46.46:252][  0]LogConfig: Applying CVar settings from Section [FoliageQuality@3] File [D:/Documents/Tukkies/2019/IMY 300/Project/GameProject/Game/Game/TheLastLine/Saved/Config/Windows/Scalability.ini]
[2019.10.12-12.46.46:252][  0]LogConfig: Setting CVar [[foliage.DensityScale:1.0]]
[2019.10.12-12.46.46:252][  0]LogConfig: Setting CVar [[grass.DensityScale:1.0]]
[2019.10.12-12.46.46:252][  0]LogInit: Selected Device Profile: [Windows]
[2019.10.12-12.46.46:252][  0]LogInit: Applying CVar settings loaded from the selected device profile: [Windows]
[2019.10.12-12.46.46:307][  0]LogHAL: Display: Platform has ~ 32 GB [34276818944 / 34359738368 / 32], which maps to Largest [LargestMinGB=32, LargerMinGB=12, DefaultMinGB=8, SmallerMinGB=6, SmallestMinGB=0)
[2019.10.12-12.46.46:307][  0]LogConfig: Setting CVar [[r.Vulkan.UseRealUBs:1]]
[2019.10.12-12.46.46:307][  0]LogInit: Going up to parent DeviceProfile []
[2019.10.12-12.46.46:307][  0]LogConfig: Applying CVar settings from Section [ViewDistanceQuality@3] File [D:/Documents/Tukkies/2019/IMY 300/Project/GameProject/Game/Game/TheLastLine/Saved/Config/Windows/Scalability.ini]
[2019.10.12-12.46.46:307][  0]LogConfig: Setting CVar [[r.SkeletalMeshLODBias:0]]
[2019.10.12-12.46.46:307][  0]LogConfig: Setting CVar [[r.ViewDistanceScale:1.0]]
[2019.10.12-12.46.46:307][  0]LogConfig: Applying CVar settings from Section [AntiAliasingQuality@3] File [D:/Documents/Tukkies/2019/IMY 300/Project/GameProject/Game/Game/TheLastLine/Saved/Config/Windows/Scalability.ini]
[2019.10.12-12.46.46:307][  0]LogConfig: Setting CVar [[r.PostProcessAAQuality:4]]
[2019.10.12-12.46.46:307][  0]LogConfig: Applying CVar settings from Section [ShadowQuality@3] File [D:/Documents/Tukkies/2019/IMY 300/Project/GameProject/Game/Game/TheLastLine/Saved/Config/Windows/Scalability.ini]
[2019.10.12-12.46.46:307][  0]LogConfig: Setting CVar [[r.LightFunctionQuality:1]]
[2019.10.12-12.46.46:307][  0]LogConfig: Setting CVar [[r.ShadowQuality:5]]
[2019.10.12-12.46.46:307][  0]LogConfig: Setting CVar [[r.Shadow.CSM.MaxCascades:10]]
[2019.10.12-12.46.46:307][  0]LogConfig: Setting CVar [[r.Shadow.MaxResolution:2048]]
[2019.10.12-12.46.46:307][  0]LogConfig: Setting CVar [[r.Shadow.MaxCSMResolution:2048]]
[2019.10.12-12.46.46:307][  0]LogConfig: Setting CVar [[r.Shadow.RadiusThreshold:0.01]]
[2019.10.12-12.46.46:307][  0]LogConfig: Setting CVar [[r.Shadow.DistanceScale:1.0]]
[2019.10.12-12.46.46:307][  0]LogConfig: Setting CVar [[r.Shadow.CSM.TransitionScale:1.0]]
[2019.10.12-12.46.46:307][  0]LogConfig: Setting CVar [[r.Shadow.PreShadowResolutionFactor:1.0]]
[2019.10.12-12.46.46:307][  0]LogConfig: Setting CVar [[r.DistanceFieldShadowing:1]]
[2019.10.12-12.46.46:307][  0]LogConfig: Setting CVar [[r.DistanceFieldAO:1]]
[2019.10.12-12.46.46:307][  0]LogConfig: Setting CVar [[r.AOQuality:2]]
[2019.10.12-12.46.46:307][  0]LogConfig: Setting CVar [[r.VolumetricFog:1]]
[2019.10.12-12.46.46:307][  0]LogConfig: Setting CVar [[r.VolumetricFog.GridPixelSize:8]]
[2019.10.12-12.46.46:307][  0]LogConfig: Setting CVar [[r.VolumetricFog.GridSizeZ:128]]
[2019.10.12-12.46.46:307][  0]LogConfig: Setting CVar [[r.VolumetricFog.HistoryMissSupersampleCount:4]]
[2019.10.12-12.46.46:307][  0]LogConfig: Setting CVar [[r.LightMaxDrawDistanceScale:1]]
[2019.10.12-12.46.46:307][  0]LogConfig: Setting CVar [[r.CapsuleShadows:1]]
[2019.10.12-12.46.46:307][  0]LogConfig: Applying CVar settings from Section [PostProcessQuality@3] File [D:/Documents/Tukkies/2019/IMY 300/Project/GameProject/Game/Game/TheLastLine/Saved/Config/Windows/Scalability.ini]
[2019.10.12-12.46.46:307][  0]LogConfig: Setting CVar [[r.MotionBlurQuality:4]]
[2019.10.12-12.46.46:307][  0]LogConfig: Setting CVar [[r.AmbientOcclusionMipLevelFactor:0.4]]
[2019.10.12-12.46.46:307][  0]LogConfig: Setting CVar [[r.AmbientOcclusionMaxQuality:100]]
[2019.10.12-12.46.46:307][  0]LogConfig: Setting CVar [[r.AmbientOcclusionLevels:-1]]
[2019.10.12-12.46.46:307][  0]LogConfig: Setting CVar [[r.AmbientOcclusionRadiusScale:1.0]]
[2019.10.12-12.46.46:307][  0]LogConfig: Setting CVar [[r.DepthOfFieldQuality:2]]
[2019.10.12-12.46.46:307][  0]LogConfig: Setting CVar [[r.RenderTargetPoolMin:400]]
[2019.10.12-12.46.46:307][  0]LogConfig: Setting CVar [[r.LensFlareQuality:2]]
[2019.10.12-12.46.46:307][  0]LogConfig: Setting CVar [[r.SceneColorFringeQuality:1]]
[2019.10.12-12.46.46:307][  0]LogConfig: Setting CVar [[r.EyeAdaptationQuality:2]]
[2019.10.12-12.46.46:307][  0]LogConfig: Setting CVar [[r.BloomQuality:5]]
[2019.10.12-12.46.46:307][  0]LogConfig: Setting CVar [[r.FastBlurThreshold:100]]
[2019.10.12-12.46.46:307][  0]LogConfig: Setting CVar [[r.Upscale.Quality:3]]
[2019.10.12-12.46.46:307][  0]LogConfig: Setting CVar [[r.Tonemapper.GrainQuantization:1]]
[2019.10.12-12.46.46:307][  0]LogConfig: Setting CVar [[r.LightShaftQuality:1]]
[2019.10.12-12.46.46:308][  0]LogConfig: Setting CVar [[r.Filter.SizeScale:1]]
[2019.10.12-12.46.46:308][  0]LogConfig: Setting CVar [[r.Tonemapper.Quality:5]]
[2019.10.12-12.46.46:308][  0]LogConfig: Setting CVar [[r.DOF.Gather.AccumulatorQuality:1        ; higher gathering accumulator quality]]
[2019.10.12-12.46.46:308][  0]LogConfig: Setting CVar [[r.DOF.Gather.PostfilterMethod:1          ; Median3x3 postfilering method]]
[2019.10.12-12.46.46:308][  0]LogConfig: Setting CVar [[r.DOF.Gather.EnableBokehSettings:0       ; no bokeh simulation when gathering]]
[2019.10.12-12.46.46:308][  0]LogConfig: Setting CVar [[r.DOF.Gather.RingCount:4                 ; medium number of samples when gathering]]
[2019.10.12-12.46.46:308][  0]LogConfig: Setting CVar [[r.DOF.Scatter.ForegroundCompositing:1    ; additive foreground scattering]]
[2019.10.12-12.46.46:308][  0]LogConfig: Setting CVar [[r.DOF.Scatter.BackgroundCompositing:2    ; additive background scattering]]
[2019.10.12-12.46.46:308][  0]LogConfig: Setting CVar [[r.DOF.Scatter.EnableBokehSettings:1      ; bokeh simulation when scattering]]
[2019.10.12-12.46.46:308][  0]LogConfig: Setting CVar [[r.DOF.Scatter.MaxSpriteRatio:0.1         ; only a maximum of 10% of scattered bokeh]]
[2019.10.12-12.46.46:308][  0]LogConfig: Setting CVar [[r.DOF.Recombine.Quality:1                ; cheap slight out of focus]]
[2019.10.12-12.46.46:308][  0]LogConfig: Setting CVar [[r.DOF.Recombine.EnableBokehSettings:0    ; no bokeh simulation on slight out of focus]]
[2019.10.12-12.46.46:308][  0]LogConfig: Setting CVar [[r.DOF.TemporalAAQuality:1                ; more stable temporal accumulation]]
[2019.10.12-12.46.46:308][  0]LogConfig: Setting CVar [[r.DOF.Kernel.MaxForegroundRadius:0.025]]
[2019.10.12-12.46.46:308][  0]LogConfig: Setting CVar [[r.DOF.Kernel.MaxBackgroundRadius:0.025]]
[2019.10.12-12.46.46:308][  0]LogConfig: Applying CVar settings from Section [TextureQuality@3] File [D:/Documents/Tukkies/2019/IMY 300/Project/GameProject/Game/Game/TheLastLine/Saved/Config/Windows/Scalability.ini]
[2019.10.12-12.46.46:308][  0]LogConfig: Setting CVar [[r.Streaming.MipBias:0]]
[2019.10.12-12.46.46:308][  0]LogConfig: Setting CVar [[r.Streaming.AmortizeCPUToGPUCopy:0]]
[2019.10.12-12.46.46:308][  0]LogConfig: Setting CVar [[r.Streaming.MaxNumTexturesToStreamPerFrame:0]]
[2019.10.12-12.46.46:308][  0]LogConfig: Setting CVar [[r.Streaming.Boost:1]]
[2019.10.12-12.46.46:308][  0]LogConfig: Setting CVar [[r.MaxAnisotropy:8]]
[2019.10.12-12.46.46:308][  0]LogConfig: Setting CVar [[r.Streaming.LimitPoolSizeToVRAM:0]]
[2019.10.12-12.46.46:308][  0]LogConfig: Setting CVar [[r.Streaming.PoolSize:1000]]
[2019.10.12-12.46.46:308][  0]LogConfig: Setting CVar [[r.Streaming.MaxEffectiveScreenSize:0]]
[2019.10.12-12.46.46:308][  0]LogConfig: Applying CVar settings from Section [EffectsQuality@3] File [D:/Documents/Tukkies/2019/IMY 300/Project/GameProject/Game/Game/TheLastLine/Saved/Config/Windows/Scalability.ini]
[2019.10.12-12.46.46:308][  0]LogConfig: Setting CVar [[r.TranslucencyLightingVolumeDim:64]]
[2019.10.12-12.46.46:308][  0]LogConfig: Setting CVar [[r.RefractionQuality:2]]
[2019.10.12-12.46.46:308][  0]LogConfig: Setting CVar [[r.SSR.Quality:3]]
[2019.10.12-12.46.46:308][  0]LogConfig: Setting CVar [[r.SceneColorFormat:4]]
[2019.10.12-12.46.46:308][  0]LogConfig: Setting CVar [[r.DetailMode:2]]
[2019.10.12-12.46.46:308][  0]LogConfig: Setting CVar [[r.TranslucencyVolumeBlur:1]]
[2019.10.12-12.46.46:308][  0]LogConfig: Setting CVar [[r.MaterialQualityLevel:1 ; High quality]]
[2019.10.12-12.46.46:308][  0]LogConfig: Setting CVar [[r.SSS.Scale:1]]
[2019.10.12-12.46.46:308][  0]LogConfig: Setting CVar [[r.SSS.SampleSet:2]]
[2019.10.12-12.46.46:308][  0]LogConfig: Setting CVar [[r.SSS.Quality:1]]
[2019.10.12-12.46.46:308][  0]LogConfig: Setting CVar [[r.SSS.HalfRes:1]]
[2019.10.12-12.46.46:308][  0]LogConfig: Setting CVar [[r.EmitterSpawnRateScale:1.0]]
[2019.10.12-12.46.46:308][  0]LogConfig: Setting CVar [[r.ParticleLightQuality:2]]
[2019.10.12-12.46.46:308][  0]LogConfig: Applying CVar settings from Section [FoliageQuality@3] File [D:/Documents/Tukkies/2019/IMY 300/Project/GameProject/Game/Game/TheLastLine/Saved/Config/Windows/Scalability.ini]
[2019.10.12-12.46.46:308][  0]LogConfig: Setting CVar [[foliage.DensityScale:1.0]]
[2019.10.12-12.46.46:308][  0]LogConfig: Setting CVar [[grass.DensityScale:1.0]]
[2019.10.12-12.46.46:308][  0]LogConfig: Applying CVar settings from Section [Startup] File [../../../Engine/Config/ConsoleVariables.ini]
[2019.10.12-12.46.46:308][  0]LogConfig: Setting CVar [[net.UseAdaptiveNetUpdateFrequency:0]]
[2019.10.12-12.46.46:308][  0]LogConfig: Applying CVar settings from Section [ConsoleVariables] File [D:/Documents/Tukkies/2019/IMY 300/Project/GameProject/Game/Game/TheLastLine/Saved/Config/Windows/Engine.ini]
[2019.10.12-12.46.46:309][  0]LogInit: Computer: DESKTOP-9CLCK1U
[2019.10.12-12.46.46:309][  0]LogInit: User: rynoo
[2019.10.12-12.46.46:309][  0]LogInit: CPU Page size=4096, Cores=6
[2019.10.12-12.46.46:309][  0]LogInit: High frequency timer resolution =10.000000 MHz
[2019.10.12-12.46.46:309][  0]LogMemory: Memory total: Physical=31.9GB (32GB approx)
[2019.10.12-12.46.46:309][  0]LogMemory: Platform Memory Stats for Windows
[2019.10.12-12.46.46:309][  0]LogMemory: Process Physical Memory: 119.73 MB used, 119.73 MB peak
[2019.10.12-12.46.46:309][  0]LogMemory: Process Virtual Memory: 104.91 MB used, 104.91 MB peak
[2019.10.12-12.46.46:309][  0]LogMemory: Physical Memory: 5770.37 MB used,  26918.55 MB free, 32688.92 MB total
[2019.10.12-12.46.46:309][  0]LogMemory: Virtual Memory: 4666.62 MB used,  134213064.00 MB free, 134217728.00 MB total
[2019.10.12-12.46.46:329][  0]LogInit: Using OS detected language (en-US).
[2019.10.12-12.46.46:329][  0]LogInit: Using OS detected locale (en-ZA).
[2019.10.12-12.46.46:330][  0]LogTextLocalizationManager: No specific localization for 'en-US' exists, so the 'en' localization will be used.
[2019.10.12-12.46.46:716][  0]LogStreaming: Display: Took  0.387s to InitEngineTextLocalization.
[2019.10.12-12.46.46:716][  0]LogInit: Setting process to per monitor DPI aware
[2019.10.12-12.46.46:739][  0]LogSlate: New Slate User Created.  User Index 0, Is Virtual User: 0
[2019.10.12-12.46.46:739][  0]LogSlate: Slate User Registered.  User Index 0, Is Virtual User: 0
[2019.10.12-12.46.46:974][  0]LogHMD: Failed to initialize OpenVR with code 110
[2019.10.12-12.46.46:974][  0]LogD3D11RHI: D3D11 adapters:
[2019.10.12-12.46.47:038][  0]LogD3D11RHI:    0. 'NVIDIA GeForce GTX 1070 Ti' (Feature Level 11_0)
[2019.10.12-12.46.47:038][  0]LogD3D11RHI:       8080/0/16344 MB DedicatedVideo/DedicatedSystem/SharedSystem, Outputs:2, VendorId:0x10de
[2019.10.12-12.46.47:040][  0]LogD3D11RHI:    1. 'Microsoft Basic Render Driver' (Feature Level 11_0)
[2019.10.12-12.46.47:040][  0]LogD3D11RHI:       0/0/16344 MB DedicatedVideo/DedicatedSystem/SharedSystem, Outputs:0, VendorId:0x1414
[2019.10.12-12.46.47:040][  0]LogD3D11RHI: Chosen D3D11 Adapter: 0
[2019.10.12-12.46.47:048][  0]LogD3D11RHI: Creating new Direct3DDevice
[2019.10.12-12.46.47:048][  0]LogD3D11RHI:     GPU DeviceId: 0x1b82 (for the marketing name, search the web for "GPU Device Id")
[2019.10.12-12.46.47:048][  0]LogWindows: EnumDisplayDevices:
[2019.10.12-12.46.47:049][  0]LogWindows:    0. 'NVIDIA GeForce GTX 1070 Ti' (P:0 D:1)
[2019.10.12-12.46.47:049][  0]LogWindows:    1. 'NVIDIA GeForce GTX 1070 Ti' (P:1 D:1)
[2019.10.12-12.46.47:049][  0]LogWindows:    2. 'NVIDIA GeForce GTX 1070 Ti' (P:0 D:0)
[2019.10.12-12.46.47:050][  0]LogWindows:    3. 'NVIDIA GeForce GTX 1070 Ti' (P:0 D:0)
[2019.10.12-12.46.47:050][  0]LogWindows: DebugString: FoundDriverCount:4 
[2019.10.12-12.46.47:050][  0]LogD3D11RHI:     Adapter Name: NVIDIA GeForce GTX 1070 Ti
[2019.10.12-12.46.47:050][  0]LogD3D11RHI:   Driver Version: 430.39 (internal:26.21.14.3039, unified:430.39)
[2019.10.12-12.46.47:050][  0]LogD3D11RHI:      Driver Date: 4-17-2019
[2019.10.12-12.46.47:050][  0]LogRHI: Texture pool is 5656 MB (70% of 8080 MB)
[2019.10.12-12.46.47:100][  0]LogD3D11RHI: Async texture creation enabled
[2019.10.12-12.46.47:113][  0]LogD3D11RHI: GPU Timing Frequency: 1000.000000 (Debug: 2 1)
[2019.10.12-12.46.47:451][  0]LogTemp: Display: Loaded TP AllDesktopTargetPlatform
[2019.10.12-12.46.47:470][  0]LogTemp: Display: Loaded TP MacClientTargetPlatform
[2019.10.12-12.46.47:488][  0]LogTemp: Display: Loaded TP MacNoEditorTargetPlatform
[2019.10.12-12.46.47:506][  0]LogTemp: Display: Loaded TP MacServerTargetPlatform
[2019.10.12-12.46.47:524][  0]LogTemp: Display: Loaded TP MacTargetPlatform
[2019.10.12-12.46.47:541][  0]LogTemp: Display: Loaded TP WindowsClientTargetPlatform
[2019.10.12-12.46.47:560][  0]LogTemp: Display: Loaded TP WindowsNoEditorTargetPlatform
[2019.10.12-12.46.47:578][  0]LogTemp: Display: Loaded TP WindowsServerTargetPlatform
[2019.10.12-12.46.47:586][  0]LogTemp: Display: Loaded TP WindowsTargetPlatform
[2019.10.12-12.46.47:677][  0]LogTemp: Display: Loaded TP AndroidTargetPlatform
[2019.10.12-12.46.47:677][  0]LogTemp: Display: Loaded TP AndroidTargetPlatform
[2019.10.12-12.46.47:677][  0]LogTemp: Display: Loaded TP AndroidTargetPlatform
[2019.10.12-12.46.47:677][  0]LogTemp: Display: Loaded TP AndroidTargetPlatform
[2019.10.12-12.46.47:677][  0]LogTemp: Display: Loaded TP AndroidTargetPlatform
[2019.10.12-12.46.47:678][  0]LogTemp: Display: Loaded TP AndroidTargetPlatform
[2019.10.12-12.46.47:678][  0]LogTemp: Display: Loaded TP AndroidTargetPlatform
[2019.10.12-12.46.47:678][  0]LogTemp: Display: Loaded TP AndroidTargetPlatform
[2019.10.12-12.46.47:678][  0]LogTemp: Display: Loaded TP AndroidTargetPlatform
[2019.10.12-12.46.47:678][  0]LogTemp: Display: Loaded TP AndroidTargetPlatform
[2019.10.12-12.46.47:678][  0]LogTemp: Display: Loaded TP AndroidTargetPlatform
[2019.10.12-12.46.47:678][  0]LogTemp: Display: Loaded TP AndroidTargetPlatform
[2019.10.12-12.46.47:678][  0]LogTemp: Display: Loaded TP AndroidTargetPlatform
[2019.10.12-12.46.47:678][  0]LogTemp: Display: Loaded TP AndroidTargetPlatform
[2019.10.12-12.46.47:678][  0]LogTemp: Display: Loaded TP AndroidTargetPlatform
[2019.10.12-12.46.47:678][  0]LogTemp: Display: Loaded TP AndroidTargetPlatform
[2019.10.12-12.46.47:678][  0]LogTemp: Display: Loaded TP AndroidTargetPlatform
[2019.10.12-12.46.47:678][  0]LogTemp: Display: Loaded TP AndroidTargetPlatform
[2019.10.12-12.46.47:679][  0]LogTemp: Display: Loaded TP HTML5TargetPlatform
[2019.10.12-12.46.47:746][  0]LogTemp: Display: Loaded TP IOSTargetPlatform
[2019.10.12-12.46.47:746][  0]LogTemp: Display: Loaded TP IOSTargetPlatform
[2019.10.12-12.46.47:778][  0]LogTemp: Display: Loaded TP TVOSTargetPlatform
[2019.10.12-12.46.47:778][  0]LogTemp: Display: Loaded TP TVOSTargetPlatform
[2019.10.12-12.46.47:797][  0]LogTemp: Display: Loaded TP LinuxClientTargetPlatform
[2019.10.12-12.46.47:812][  0]LogTemp: Display: Loaded TP LinuxNoEditorTargetPlatform
[2019.10.12-12.46.47:829][  0]LogTemp: Display: Loaded TP LinuxServerTargetPlatform
[2019.10.12-12.46.47:844][  0]LogTemp: Display: Loaded TP LinuxTargetPlatform
[2019.10.12-12.46.47:898][  0]LogTemp: Display: Loaded TP LuminTargetPlatform
[2019.10.12-12.46.47:898][  0]LogTemp: Display: Loaded TP LuminTargetPlatform
[2019.10.12-12.46.47:898][  0]LogTargetPlatformManager: Display: Building Assets For Windows
[2019.10.12-12.46.47:973][  0]LogShaderCompilers: Guid format shader working directory is -29 characters bigger than the processId version (D:/Documents/Tukkies/2019/IMY 300/Project/GameProject/Game/Game/TheLastLine/Intermediate/Shaders/WorkingDirectory/6828/).
[2019.10.12-12.46.47:973][  0]LogShaderCompilers: Cleaned the shader compiler working directory 'C:/Users/rynoo/AppData/Local/Temp/UnrealShaderWorkingDir/E66DA5474712AE45A8EE139AD29F55FC/'.
[2019.10.12-12.46.47:978][  0]LogXGEController: Cannot use XGE Controller as Incredibuild is not installed on this machine.
[2019.10.12-12.46.47:978][  0]LogShaderCompilers: Cannot use XGE Shader Compiler as Incredibuild is not installed on this machine.
[2019.10.12-12.46.47:978][  0]LogShaderCompilers: Display: Using Local Shader Compiler.
[2019.10.12-12.46.48:595][  0]LogDerivedDataCache: Display: Max Cache Size: 512 MB
[2019.10.12-12.46.48:640][  0]LogDerivedDataCache: Loaded boot cache 0.04s 71MB C:/Users/rynoo/AppData/Local/UnrealEngine/4.21/DerivedDataCache/Boot.ddc.
[2019.10.12-12.46.48:640][  0]LogDerivedDataCache: Display: Loaded Boot cache: C:/Users/rynoo/AppData/Local/UnrealEngine/4.21/DerivedDataCache/Boot.ddc
[2019.10.12-12.46.48:640][  0]LogDerivedDataCache: FDerivedDataBackendGraph:  Pak pak cache file D:/Documents/Tukkies/2019/IMY 300/Project/GameProject/Game/Game/TheLastLine/DerivedDataCache/DDC.ddp not found, will not use a pak cache.
[2019.10.12-12.46.48:640][  0]LogDerivedDataCache: Unable to find inner node Pak for hierarchical cache Hierarchy.
[2019.10.12-12.46.48:640][  0]LogDerivedDataCache: FDerivedDataBackendGraph:  CompressedPak pak cache file D:/Documents/Tukkies/2019/IMY 300/Project/GameProject/Game/Game/TheLastLine/DerivedDataCache/Compressed.ddp not found, will not use a pak cache.
[2019.10.12-12.46.48:640][  0]LogDerivedDataCache: Unable to find inner node CompressedPak for hierarchical cache Hierarchy.
[2019.10.12-12.46.48:659][  0]LogDerivedDataCache: Display: Pak cache opened for reading ../../../Engine/DerivedDataCache/Compressed.ddp.
[2019.10.12-12.46.48:659][  0]LogDerivedDataCache: FDerivedDataBackendGraph:  EnterprisePak pak cache file ../../../Enterprise/DerivedDataCache/Compressed.ddp not found, will not use a pak cache.
[2019.10.12-12.46.48:659][  0]LogDerivedDataCache: Unable to find inner node EnterprisePak for hierarchical cache Hierarchy.
[2019.10.12-12.46.48:671][  0]LogDerivedDataCache: Using Local data cache path C:/Users/rynoo/AppData/Local/UnrealEngine/Common/DerivedDataCache: Writable
[2019.10.12-12.46.48:671][  0]LogDerivedDataCache: Shared data cache path not found in *engine.ini, will not use an Shared cache.
[2019.10.12-12.46.48:671][  0]LogDerivedDataCache: Unable to find inner node Shared for hierarchical cache Hierarchy.
[2019.10.12-12.46.48:695][  0]LogMaterial: Verifying Global Shaders for PCD3D_SM5
[2019.10.12-12.46.48:696][  0]LogSlate: Using FreeType 2.6.0
[2019.10.12-12.46.48:697][  0]LogSlate: SlateFontServices - WITH_FREETYPE: 1, WITH_HARFBUZZ: 1
[2019.10.12-12.46.48:787][  0]LogAssetRegistry: FAssetRegistry took 0.0362 seconds to start up
[2019.10.12-12.46.51:414][  0]LogInit: Selected Device Profile: [Windows]
[2019.10.12-12.46.51:568][  0]LogSimplygon: Simplygon DLL not present - disabling.
[2019.10.12-12.46.51:573][  0]LogMeshReduction: Using SimplygonSwarm for distributed automatic mesh merging
[2019.10.12-12.46.51:573][  0]LogMeshReduction: Using ProxyLODMeshReduction for automatic mesh merging
[2019.10.12-12.46.51:573][  0]LogMeshReduction: Using QuadricMeshReduction for automatic static mesh reduction
[2019.10.12-12.46.51:573][  0]LogMeshReduction: No automatic skeletal mesh reduction module available
[2019.10.12-12.46.51:585][  0]LogNetVersion: TheLastLine 1.0.0, NetCL: 4541578, EngineNetVer: 5, GameNetVer: 0 (Checksum: 3267011034)
[2019.10.12-12.46.52:091][  0]LogPackageLocalizationCache: Processed 11 localized package path(s) for 2 prioritized culture(s) in 0.091261 seconds
[2019.10.12-12.46.52:099][  0]LogUObjectArray: 39777 objects as part of root set at end of initial load.
[2019.10.12-12.46.52:099][  0]LogUObjectAllocator: 6915200 out of 0 bytes used by permanent object pool.
[2019.10.12-12.46.52:099][  0]LogUObjectArray: CloseDisregardForGC: 0/0 objects in disregard for GC pool
[2019.10.12-12.46.53:048][  0]LogTcpMessaging: Initializing TcpMessaging bridge
[2019.10.12-12.46.53:062][  0]LogUdpMessaging: Initializing bridge on interface 0.0.0.0:0 to multicast group 230.0.0.1:6666.
[2019.10.12-12.46.53:752][  0]SourceControl: Source control is disabled
[2019.10.12-12.46.53:752][  0]SourceControl: Source control is disabled
[2019.10.12-12.46.53:753][  0]SourceControl: Source control is disabled
[2019.10.12-12.46.53:754][  0]SourceControl: Source control is disabled
[2019.10.12-12.46.53:919][  0]LogAndroidPermission: UAndroidPermissionCallbackProxy::GetInstance
[2019.10.12-12.46.54:012][  0]LogOcInput: OculusInput pre-init called
[2019.10.12-12.46.54:152][  0]LogEngine: Initializing Engine...
[2019.10.12-12.46.54:152][  0]LogHMD: Failed to initialize OpenVR with code 110
[2019.10.12-12.46.54:154][  0]LogStats: UGameplayTagsManager::ConstructGameplayTagTree: ImportINI prefixes -  0.000 s
[2019.10.12-12.46.54:155][  0]LogStats: UGameplayTagsManager::ConstructGameplayTagTree: Construct from data asset -  0.000 s
[2019.10.12-12.46.54:155][  0]LogStats: UGameplayTagsManager::ConstructGameplayTagTree: ImportINI -  0.000 s
[2019.10.12-12.46.54:155][  0]LogStats: UGameplayTagsManager::ConstructGameplayTagTree: GameplayTagTreeChangedEvent.Broadcast -  0.000 s
[2019.10.12-12.46.54:377][  0]LogInit: Initializing FReadOnlyCVARCache
[2019.10.12-12.46.54:395][  0]LogAIModule: Creating AISystem for world Untitled
[2019.10.12-12.46.54:424][  0]LogInit: XAudio2 using 'Headset Earphone (ROG Strix HS)' : 2 channels at 48 kHz using 16 bits per sample (channel mask 0x3)
[2019.10.12-12.46.54:441][  0]LogInit: FAudioDevice initialized.
[2019.10.12-12.46.54:442][  0]LogNetVersion: Set ProjectVersion to 1.0.0.0. Version Checksum will be recalculated on next use.
[2019.10.12-12.46.54:721][  0]LogDerivedDataCache: Saved boot cache 0.28s 71MB C:/Users/rynoo/AppData/Local/UnrealEngine/4.21/DerivedDataCache/Boot.ddc.
[2019.10.12-12.46.54:730][  0]LogInit: Texture streaming: Enabled
[2019.10.12-12.46.54:753][  0]LogEngineSessionManager: EngineSessionManager initialized
[2019.10.12-12.46.54:771][  0]LogInit: Transaction tracking system initialized
[2019.10.12-12.46.54:802][  0]BlueprintLog: New page: Editor Load
[2019.10.12-12.46.54:903][  0]LocalizationService: Localization service is disabled
[2019.10.12-12.46.55:423][  0]LogCook: Display: Max memory allowance for cook 16384mb min free memory 0mb
[2019.10.12-12.46.55:423][  0]LogCook: Display: Mobile HDR setting 1
[2019.10.12-12.46.55:423][  0]LogGameplayTags: Display: UGameplayTagsManager::DoneAddingNativeTags. DelegateIsBound: 0
[2019.10.12-12.46.55:423][  0]LogStats: UGameplayTagsManager::ConstructGameplayTagTree: ImportINI prefixes -  0.000 s
[2019.10.12-12.46.55:423][  0]LogStats: UGameplayTagsManager::ConstructGameplayTagTree: Construct from data asset -  0.000 s
[2019.10.12-12.46.55:423][  0]LogStats: UGameplayTagsManager::ConstructGameplayTagTree: ImportINI -  0.000 s
[2019.10.12-12.46.55:423][  0]LogStats: UGameplayTagsManager::ConstructGameplayTagTree: GameplayTagTreeChangedEvent.Broadcast -  0.000 s
[2019.10.12-12.46.55:561][  0]LogFileCache: Scanning file cache for directory 'D:/Documents/Tukkies/2019/IMY 300/Project/GameProject/Game/Game/TheLastLine/Content/' took 0.05s
[2019.10.12-12.46.55:561][  0]SourceControl: Source control is disabled
[2019.10.12-12.46.55:561][  0]Cmd: MAP LOAD FILE="D:/Documents/Tukkies/2019/IMY 300/Project/GameProject/Game/Game/TheLastLine/Content/Maps/TestingMap.umap" TEMPLATE=0 SHOWPROGRESS=1 FEATURELEVEL=3
[2019.10.12-12.46.55:561][  0]LightingResults: New page: Lighting Build
[2019.10.12-12.46.55:565][  0]MapCheck: New page: Map Check
[2019.10.12-12.46.55:565][  0]LightingResults: New page: Lighting Build
[2019.10.12-12.47.08:137][  0]LogAIModule: Creating AISystem for world TestingMap
[2019.10.12-12.47.08:193][  0]LogEditorServer: Finished looking for orphan Actors (0.000 secs)
[2019.10.12-12.47.08:289][  0]Cmd: MAP CHECKDEP NOCLEARLOG
[2019.10.12-12.47.08:289][  0]MapCheck: Map check complete: 0 Error(s), 0 Warning(s), took 0,144ms to complete.
[2019.10.12-12.47.08:289][  0]LogFileHelpers: Loading map 'TestingMap' took 12.728
[2019.10.12-12.47.08:379][  0]LogSlate: Updating window title bar state: overlay mode, drag disabled, window buttons hidden, title bar hidden
[2019.10.12-12.47.08:387][  0]LogSlate: Updating window title bar state: overlay mode, drag disabled, window buttons hidden, title bar hidden
[2019.10.12-12.47.08:395][  0]LogSlate: Updating window title bar state: overlay mode, drag disabled, window buttons hidden, title bar hidden
[2019.10.12-12.47.08:402][  0]LogSlate: Updating window title bar state: overlay mode, drag disabled, window buttons hidden, title bar hidden
[2019.10.12-12.47.08:412][  0]LogCollectionManager: Loaded 0 collections in 0.003244 seconds
[2019.10.12-12.47.08:441][  0]LogFileCache: Scanning file cache for directory 'D:/Documents/Tukkies/2019/IMY 300/Project/GameProject/Game/Game/TheLastLine/Saved/Collections/' took 0.01s
[2019.10.12-12.47.08:441][  0]LogFileCache: Scanning file cache for directory 'D:/Documents/Tukkies/2019/IMY 300/Project/GameProject/Game/Game/TheLastLine/Content/Developers/rynoo/Collections/' took 0.00s
[2019.10.12-12.47.08:441][  0]LogFileCache: Scanning file cache for directory 'D:/Documents/Tukkies/2019/IMY 300/Project/GameProject/Game/Game/TheLastLine/Content/Collections/' took 0.01s
[2019.10.12-12.47.08:441][  0]LogCollectionManager: Rebuilt the GUID cache for 0 collections in 0.000000 seconds
[2019.10.12-12.47.08:451][  0]LogContentBrowser: Native class hierarchy populated in 0.0096 seconds. Added 2660 classes and 625 folders.
[2019.10.12-12.47.08:462][  0]LogContentBrowser: Native class hierarchy updated for 'WidgetCarousel' in 0.0003 seconds. Added 0 classes and 0 folders.
[2019.10.12-12.47.08:463][  0]LogPakFile: Registered encryption key '00000000000000000000000000000000': 0 pak files mounted, 0 remain pending
[2019.10.12-12.47.08:464][  0]LogPakFile: Registered encryption key '00000000000000000000000000000000': 0 pak files mounted, 0 remain pending
[2019.10.12-12.47.08:464][  0]LogPakFile: Registered encryption key '00000000000000000000000000000000': 0 pak files mounted, 0 remain pending
[2019.10.12-12.47.08:465][  0]LogPakFile: Registered encryption key '00000000000000000000000000000000': 0 pak files mounted, 0 remain pending
[2019.10.12-12.47.08:465][  0]LogPakFile: Registered encryption key '00000000000000000000000000000000': 0 pak files mounted, 0 remain pending
[2019.10.12-12.47.08:466][  0]LogPakFile: Registered encryption key '00000000000000000000000000000000': 0 pak files mounted, 0 remain pending
[2019.10.12-12.47.08:466][  0]LogPakFile: Registered encryption key '00000000000000000000000000000000': 0 pak files mounted, 0 remain pending
[2019.10.12-12.47.08:466][  0]LogPakFile: Registered encryption key '00000000000000000000000000000000': 0 pak files mounted, 0 remain pending
[2019.10.12-12.47.08:467][  0]LogPakFile: Registered encryption key '00000000000000000000000000000000': 0 pak files mounted, 0 remain pending
[2019.10.12-12.47.08:467][  0]LogPakFile: Registered encryption key '00000000000000000000000000000000': 0 pak files mounted, 0 remain pending
[2019.10.12-12.47.08:468][  0]LogPakFile: Registered encryption key '00000000000000000000000000000000': 0 pak files mounted, 0 remain pending
[2019.10.12-12.47.08:468][  0]LogPakFile: Registered encryption key '00000000000000000000000000000000': 0 pak files mounted, 0 remain pending
[2019.10.12-12.47.08:469][  0]LogPakFile: Registered encryption key '00000000000000000000000000000000': 0 pak files mounted, 0 remain pending
[2019.10.12-12.47.08:469][  0]LogPakFile: Registered encryption key '00000000000000000000000000000000': 0 pak files mounted, 0 remain pending
[2019.10.12-12.47.08:470][  0]LogPakFile: Registered encryption key '00000000000000000000000000000000': 0 pak files mounted, 0 remain pending
[2019.10.12-12.47.08:470][  0]LogPakFile: Registered encryption key '00000000000000000000000000000000': 0 pak files mounted, 0 remain pending
[2019.10.12-12.47.08:471][  0]LogPakFile: Registered encryption key '00000000000000000000000000000000': 0 pak files mounted, 0 remain pending
[2019.10.12-12.47.08:471][  0]LogPakFile: Registered encryption key '00000000000000000000000000000000': 0 pak files mounted, 0 remain pending
[2019.10.12-12.47.08:471][  0]LogPakFile: Registered encryption key '00000000000000000000000000000000': 0 pak files mounted, 0 remain pending
[2019.10.12-12.47.08:472][  0]LogPakFile: Registered encryption key '00000000000000000000000000000000': 0 pak files mounted, 0 remain pending
[2019.10.12-12.47.08:472][  0]LogPakFile: Registered encryption key '00000000000000000000000000000000': 0 pak files mounted, 0 remain pending
[2019.10.12-12.47.08:473][  0]LogPakFile: Registered encryption key '00000000000000000000000000000000': 0 pak files mounted, 0 remain pending
[2019.10.12-12.47.08:473][  0]LogPakFile: Registered encryption key '00000000000000000000000000000000': 0 pak files mounted, 0 remain pending
[2019.10.12-12.47.08:474][  0]LogPakFile: Registered encryption key '00000000000000000000000000000000': 0 pak files mounted, 0 remain pending
[2019.10.12-12.47.08:474][  0]LogPakFile: Registered encryption key '00000000000000000000000000000000': 0 pak files mounted, 0 remain pending
[2019.10.12-12.47.08:475][  0]LogPakFile: Registered encryption key '00000000000000000000000000000000': 0 pak files mounted, 0 remain pending
[2019.10.12-12.47.08:504][  0]LogContentBrowser: Native class hierarchy updated for 'AddContentDialog' in 0.0003 seconds. Added 0 classes and 0 folders.
[2019.10.12-12.47.08:511][  0]LogContentBrowser: Native class hierarchy updated for 'SceneOutliner' in 0.0003 seconds. Added 1 classes and 2 folders.
[2019.10.12-12.47.08:528][  0]LogSlate: Took 0.000181 seconds to synchronously load lazily loaded font '../../../Engine/Content/Slate/Fonts/Roboto-Regular.ttf' (155K)
[2019.10.12-12.47.08:532][  0]LogSlate: Took 0.000148 seconds to synchronously load lazily loaded font '../../../Engine/Content/Slate/Fonts/Roboto-Bold.ttf' (160K)
[2019.10.12-12.47.08:536][  0]LogSlate: Took 0.000234 seconds to synchronously load lazily loaded font '../../../Engine/Content/Editor/Slate/Fonts/FontAwesome.ttf' (139K)
[2019.10.12-12.47.08:616][  0]LogRenderer: Reallocating scene render targets to support 1380x668 Format 10 NumSamples 1 (Frame:1).
[2019.10.12-12.47.08:721][  0]LogContentBrowser: Native class hierarchy updated for 'HierarchicalLODOutliner' in 0.0003 seconds. Added 0 classes and 0 folders.
[2019.10.12-12.47.08:721][  0]LogLoad: (Engine Initialization) Total time: 24.54 seconds
[2019.10.12-12.47.08:721][  0]LogLoad: (Engine Initialization) Total Blueprint compile time: 0.00 seconds
[2019.10.12-12.47.08:801][  0]LogContentStreaming: Texture pool size now 1000 MB
[2019.10.12-12.47.08:849][  0]LogSlate: Took 0.000213 seconds to synchronously load lazily loaded font '../../../Engine/Content/Slate/Fonts/Roboto-Light.ttf' (167K)
[2019.10.12-12.47.09:949][ 13]LogSlate: Took 0.000116 seconds to synchronously load lazily loaded font '../../../Engine/Content/Slate/Fonts/Roboto-Light.ttf' (167K)
[2019.10.12-12.47.11:694][ 31]LogSlate: FSceneViewport::OnFocusLost() reason 0
[2019.10.12-12.47.12:182][ 33]LogAssetEditorManager: Opening Asset editor for WidgetBlueprint /Game/UI/LevelMenu/SkillMenu_Widget.SkillMenu_Widget
[2019.10.12-12.47.12:492][ 33]LogContentBrowser: Native class hierarchy updated for 'BlueprintGraph' in 0.0006 seconds. Added 117 classes and 0 folders.
[2019.10.12-12.47.13:590][ 33]LogAssetEditorManager: Opening Asset editor for WidgetBlueprint /Game/UI/Gameplay/GamePlay_Widget.GamePlay_Widget
[2019.10.12-12.47.14:102][ 33]LogAssetEditorManager: Opening Asset editor for Material /Game/UI/Gameplay/LevelUp/M_LevelUp.M_LevelUp
[2019.10.12-12.47.14:105][ 33]LogMaterial: Display: Missing cached shader map for material M_LevelUp, compiling. 
[2019.10.12-12.47.14:468][ 33]LogMaterial: Display: Missing cached shader map for material FMatExpressionPreview MaterialExpressionVectorParameter_0, compiling. 
[2019.10.12-12.47.14:475][ 33]LogShaderCompilers: Display: Shaders left to compile 2
[2019.10.12-12.47.14:475][ 33]LogShaderCompilers: Display: Shaders left to compile 1
[2019.10.12-12.47.14:475][ 33]LogMaterial: Display: Missing cached shader map for material M_LevelUp, compiling. 
[2019.10.12-12.47.14:490][ 33]LogMaterial: Display: Missing cached shader map for material M_LevelUp, compiling. 
[2019.10.12-12.47.14:511][ 33]LogShaderCompilers: Display: Shaders left to compile 19
[2019.10.12-12.47.14:511][ 33]LogShaderCompilers: Display: Shaders left to compile 18
[2019.10.12-12.47.14:511][ 33]LogShaderCompilers: Display: Shaders left to compile 17
[2019.10.12-12.47.14:512][ 33]LogShaderCompilers: Display: Shaders left to compile 16
[2019.10.12-12.47.14:512][ 33]LogShaderCompilers: Display: Shaders left to compile 15
[2019.10.12-12.47.14:512][ 33]LogShaderCompilers: Display: Shaders left to compile 14
[2019.10.12-12.47.14:537][ 33]LogMaterial: Display: Missing cached shader map for material FMatExpressionPreview MaterialExpressionVectorParameter_0, compiling. 
[2019.10.12-12.47.14:658][ 33]LogAssetEditorManager: Opening Asset editor for MaterialInstanceConstant /Game/UI/Gameplay/LevelUp/M_LevelUpBorder_Inst.M_LevelUpBorder_Inst
[2019.10.12-12.47.14:919][ 33]LogShaderCompilers: Display: Shaders left to compile 15
[2019.10.12-12.47.14:927][ 33]LogAssetEditorManager: Opening Asset editor for Blueprint /Game/Characters/PlayableCharacters/Knight_BP.Knight_BP
[2019.10.12-12.47.15:009][ 33]LogShaderCompilers: Display: Shaders left to compile 14
[2019.10.12-12.47.15:009][ 33]LogShaderCompilers: Display: Shaders left to compile 13
[2019.10.12-12.47.15:009][ 33]LogShaderCompilers: Display: Shaders left to compile 12
[2019.10.12-12.47.15:009][ 33]LogShaderCompilers: Display: Shaders left to compile 11
[2019.10.12-12.47.15:009][ 33]LogShaderCompilers: Display: Shaders left to compile 10
[2019.10.12-12.47.15:009][ 33]LogShaderCompilers: Display: Shaders left to compile 9
[2019.10.12-12.47.15:424][ 33]LogShaderCompilers: Display: Shaders left to compile 8
[2019.10.12-12.47.15:424][ 33]LogShaderCompilers: Display: Shaders left to compile 7
[2019.10.12-12.47.15:424][ 33]LogShaderCompilers: Display: Shaders left to compile 6
[2019.10.12-12.47.15:424][ 33]LogShaderCompilers: Display: Shaders left to compile 5
[2019.10.12-12.47.15:424][ 33]LogShaderCompilers: Display: Shaders left to compile 4
[2019.10.12-12.47.15:424][ 33]LogShaderCompilers: Display: Shaders left to compile 3
[2019.10.12-12.47.15:424][ 33]LogShaderCompilers: Display: Shaders left to compile 2
[2019.10.12-12.47.15:424][ 33]LogShaderCompilers: Display: Shaders left to compile 1
[2019.10.12-12.47.15:669][ 33]LogFileCache: Retrieving MD5 hashes for directory 'D:/Documents/Tukkies/2019/IMY 300/Project/GameProject/Game/Game/TheLastLine/Content/' took 6.91s
[2019.10.12-12.47.15:765][ 33]MaterialEditorStats: Default UI Pixel Shader: 23 instructions
[2019.10.12-12.47.15:765][ 33]MaterialEditorStats: Default UI Vertex Shader: 17 instructions
[2019.10.12-12.47.15:765][ 33]MaterialEditorStats: Instanced UI Vertex Shader: 17 instructions
[2019.10.12-12.47.15:765][ 33]MaterialEditorStats: Texture samplers: 3/16
[2019.10.12-12.47.15:765][ 33]MaterialEditorStats: User interpolators: 2/4 Scalars (1/4 Vectors) (TexCoords: 2, Custom: 0)
[2019.10.12-12.47.15:770][ 33]LogSlate: Took 0.000202 seconds to synchronously load lazily loaded font '../../../Engine/Content/Slate/Fonts/Roboto-BoldCondensed.ttf' (158K)
[2019.10.12-12.47.16:052][ 34]LogSlate: Took 0.000202 seconds to synchronously load lazily loaded font '../../../Engine/Content/Slate/Fonts/Roboto-Italic.ttf' (157K)
[2019.10.12-12.47.16:866][ 45]LogAssetRegistry: Asset discovery search completed in 28.1006 seconds
[2019.10.12-12.47.16:868][ 45]LogCollectionManager: Rebuilt the object cache for 0 collections in 0.000000 seconds (found 0 objects)
[2019.10.12-12.47.16:868][ 45]LogCollectionManager: Fixed up redirectors for 0 collections in 0.000041 seconds (updated 0 objects)
[2019.10.12-12.47.48:189][439]LogDialogs: Warning: Suppressed: This could break connections, do you want to search all Variable 'LevelUpMaterials' instances, change its type, and recompile?
[2019.10.12-12.47.50:570][558]LogSlate: Window 'Find in Blueprints' being destroyed
[2019.10.12-12.47.50:573][558]LogSlate: Window 'Find in Blueprints' being destroyed
[2019.10.12-12.47.53:594][788]LogSlate: FSceneViewport::OnFocusLost() reason 0
[2019.10.12-12.48.54:921][621]Cmd: OBJ SAVEPACKAGE PACKAGE="/Game/UI/Gameplay/GamePlay_Widget" FILE="D:/Documents/Tukkies/2019/IMY 300/Project/GameProject/Game/Game/TheLastLine/Content/UI/Gameplay/GamePlay_Widget.uasset" SILENT=true
[2019.10.12-12.48.55:869][621]LogSavePackage: Moving 'D:/Documents/Tukkies/2019/IMY 300/Project/GameProject/Game/Game/TheLastLine/Saved/GamePlay_WidgetE5ED84764D59E7B3A80769B85A2EA5DB.tmp' to 'D:/Documents/Tukkies/2019/IMY 300/Project/GameProject/Game/Game/TheLastLine/Content/UI/Gameplay/GamePlay_Widget.uasset'
[2019.10.12-12.48.55:869][621]LogFileManager: Warning: DeleteFile was unable to delete 'D:/Documents/Tukkies/2019/IMY 300/Project/GameProject/Game/Game/TheLastLine/Content/UI/Gameplay/GamePlay_Widget.uasset', retrying in .5s...
[2019.10.12-12.48.56:370][621]LogFileManager: Error: Error deleting file 'D:/Documents/Tukkies/2019/IMY 300/Project/GameProject/Game/Game/TheLastLine/Content/UI/Gameplay/GamePlay_Widget.uasset'.
[2019.10.12-12.48.56:370][621]LogSavePackage: Error: Error saving 'D:/Documents/Tukkies/2019/IMY 300/Project/GameProject/Game/Game/TheLastLine/Content/UI/Gameplay/GamePlay_Widget.uasset'
[2019.10.12-12.49.02:683][621]LogSlate: Window 'Message' being destroyed
[2019.10.12-12.49.02:688][621]EditorErrors: New page: Save Output
[2019.10.12-12.49.02:688][621]EditorErrors: Warning: Error saving 'D:/Documents/Tukkies/2019/IMY 300/Project/GameProject/Game/Game/TheLastLine/Content/UI/Gameplay/GamePlay_Widget.uasset'
[2019.10.12-12.49.02:690][621]LogSlate: FSceneViewport::OnFocusLost() reason 2
[2019.10.12-12.49.04:821][621]LogSlate: Window 'Packages Failed To Save' being destroyed
[2019.10.12-12.49.06:239][730]LogSlate: FSceneViewport::OnFocusLost() reason 0
[2019.10.12-12.49.06:336][739]LogSlate: Window 'Message Log' being destroyed
[2019.10.12-12.49.06:340][739]LogSlate: Window 'Message Log' being destroyed
[2019.10.12-12.49.07:641][851]LogSlate: FSceneViewport::OnFocusLost() reason 0
[2019.10.12-12.49.07:743][861]BlueprintLog: New page: Compile GamePlay_Widget
[2019.10.12-12.49.08:447][861]LogBlueprint: Error: [Compiler GamePlay_Widget] In use pin  Level Up Background Material  no longer exists on node  Get . Please refresh node or break links to remove pin.
[2019.10.12-12.49.08:447][861]LogBlueprint: Error: [Compiler GamePlay_Widget] In use pin  Level Up Background Material  no longer exists on node  Get . Please refresh node or break links to remove pin.
[2019.10.12-12.49.08:509][861]LogClass: Warning: Type mismatch in LevelUpBackgroundMaterial of GamePlay_Widget_C - Previous (ArrayProperty) Current(ObjectProperty) for package:  FObjectReader
[2019.10.12-12.49.08:727][861]LogBlueprint: Warning: [Compiler GamePlay_Widget] [0144,55] Compile of GamePlay_Widget failed. 2 Fatal Issue(s) 0 Warning(s) [in 983 ms] (/Game/UI/Gameplay/GamePlay_Widget.GamePlay_Widget)
[2019.10.12-12.49.19:695][781]LogSlate: Window 'Knight_BP' being destroyed
[2019.10.12-12.49.19:698][781]LogSlate: Window 'Knight_BP' being destroyed
[2019.10.12-12.49.21:316][940]LogSlate: FSceneViewport::OnFocusLost() reason 0
[2019.10.12-12.49.25:193][953]LogSlate: Window 'Save Content' being destroyed
[2019.10.12-12.49.25:206][953]Cmd: OBJ SAVEPACKAGE PACKAGE="/Game/UI/Gameplay/GamePlay_Widget" FILE="D:/Documents/Tukkies/2019/IMY 300/Project/GameProject/Game/Game/TheLastLine/Content/UI/Gameplay/GamePlay_Widget.uasset" SILENT=true
[2019.10.12-12.49.26:132][953]LogSavePackage: Moving 'D:/Documents/Tukkies/2019/IMY 300/Project/GameProject/Game/Game/TheLastLine/Saved/GamePlay_Widget8AFAD4D64544FB951B20CE8A2A0AEDF3.tmp' to 'D:/Documents/Tukkies/2019/IMY 300/Project/GameProject/Game/Game/TheLastLine/Content/UI/Gameplay/GamePlay_Widget.uasset'
[2019.10.12-12.49.26:133][953]LogFileManager: Warning: DeleteFile was unable to delete 'D:/Documents/Tukkies/2019/IMY 300/Project/GameProject/Game/Game/TheLastLine/Content/UI/Gameplay/GamePlay_Widget.uasset', retrying in .5s...
[2019.10.12-12.49.26:634][953]LogFileManager: Error: Error deleting file 'D:/Documents/Tukkies/2019/IMY 300/Project/GameProject/Game/Game/TheLastLine/Content/UI/Gameplay/GamePlay_Widget.uasset'.
[2019.10.12-12.49.26:634][953]LogSavePackage: Error: Error saving 'D:/Documents/Tukkies/2019/IMY 300/Project/GameProject/Game/Game/TheLastLine/Content/UI/Gameplay/GamePlay_Widget.uasset'
[2019.10.12-12.49.28:592][953]LogSlate: Window 'Message' being destroyed
[2019.10.12-12.49.28:596][953]EditorErrors: New page: Save Output
[2019.10.12-12.49.28:596][953]EditorErrors: Warning: Error saving 'D:/Documents/Tukkies/2019/IMY 300/Project/GameProject/Game/Game/TheLastLine/Content/UI/Gameplay/GamePlay_Widget.uasset'
[2019.10.12-12.49.30:110][115]LogSlate: Window 'Message Log' being destroyed
[2019.10.12-12.49.30:113][115]LogSlate: Window 'Message Log' being destroyed
[2019.10.12-12.49.32:488][242]LogSlate: Window 'Save Content' being destroyed
[2019.10.12-12.49.32:737][242]LogSlate: Window 'TheLastLine - Unreal Editor' being destroyed
[2019.10.12-12.49.32:934][243]Cmd: QUIT_EDITOR
[2019.10.12-12.49.32:950][243]LogWindowsTextInputMethodSystem: Display: IME system now deactivated.
[2019.10.12-12.49.32:960][243]LogExit: Preparing to exit.
[2019.10.12-12.49.33:240][243]LogExit: Editor shut down
[2019.10.12-12.49.33:240][243]LogExit: Transaction tracking system shut down
[2019.10.12-12.49.33:651][243]LogExit: Object subsystem successfully closed.
[2019.10.12-12.49.33:675][243]LogShaderCompilers: Display: Shaders left to compile 0
[2019.10.12-12.49.33:680][243]LogD3D11RHI: Shutdown
[2019.10.12-12.49.33:680][243]LogD3D11RHI: CleanupD3DDevice
[2019.10.12-12.49.33:682][243]LogD3D11RHI: ~FD3D11DynamicRHI
[2019.10.12-12.49.33:711][243]LogModuleManager: Shutting down and abandoning module SequencerWidgets (630)
[2019.10.12-12.49.33:711][243]LogModuleManager: Shutting down and abandoning module BlueprintGraph (628)
[2019.10.12-12.49.33:711][243]LogModuleManager: Shutting down and abandoning module HierarchicalLODOutliner (626)
[2019.10.12-12.49.33:711][243]LogModuleManager: Shutting down and abandoning module SceneOutliner (624)
[2019.10.12-12.49.33:711][243]LogModuleManager: Shutting down and abandoning module AddContentDialog (622)
[2019.10.12-12.49.33:712][243]LogModuleManager: Shutting down and abandoning module WidgetCarousel (621)
[2019.10.12-12.49.33:712][243]LogModuleManager: Shutting down and abandoning module EditorWidgets (618)
[2019.10.12-12.49.33:712][243]LogModuleManager: Shutting down and abandoning module CollectionManager (616)
[2019.10.12-12.49.33:712][243]LogModuleManager: Shutting down and abandoning module StatsViewer (614)
[2019.10.12-12.49.33:712][243]LogModuleManager: Shutting down and abandoning module FoliageEdit (612)
[2019.10.12-12.49.33:712][243]LogModuleManager: Shutting down and abandoning module LandscapeEditor (610)
[2019.10.12-12.49.33:712][243]LogModuleManager: Shutting down and abandoning module MeshPaintMode (608)
[2019.10.12-12.49.33:712][243]LogModuleManager: Shutting down and abandoning module SceneDepthPickerMode (606)
[2019.10.12-12.49.33:712][243]LogModuleManager: Shutting down and abandoning module ActorPickerMode (604)
[2019.10.12-12.49.33:712][243]LogModuleManager: Shutting down and abandoning module GeometryMode (602)
[2019.10.12-12.49.33:712][243]LogModuleManager: Shutting down and abandoning module TextureAlignMode (600)
[2019.10.12-12.49.33:712][243]LogModuleManager: Shutting down and abandoning module BspMode (598)
[2019.10.12-12.49.33:712][243]LogModuleManager: Shutting down and abandoning module PIEPreviewDeviceProfileSelector (596)
[2019.10.12-12.49.33:712][243]LogModuleManager: Shutting down and abandoning module SequenceRecorderSections (594)
[2019.10.12-12.49.33:712][243]LogModuleManager: Shutting down and abandoning module AutomationWorker (592)
[2019.10.12-12.49.33:712][243]LogModuleManager: Shutting down and abandoning module AudioCaptureEditor (590)
[2019.10.12-12.49.33:712][243]LogModuleManager: Shutting down and abandoning module MatineeToLevelSequence (588)
[2019.10.12-12.49.33:712][243]LogModuleManager: Shutting down and abandoning module LevelSequenceEditor (586)
[2019.10.12-12.49.33:712][243]LogModuleManager: Shutting down and abandoning module PlacementMode (585)
[2019.10.12-12.49.33:712][243]LogModuleManager: Shutting down and abandoning module MaterialEditor (584)
[2019.10.12-12.49.33:712][243]LogModuleManager: Shutting down and abandoning module WmfMediaFactory (580)
[2019.10.12-12.49.33:712][243]LogModuleManager: Shutting down and abandoning module WmfMediaEditor (578)
[2019.10.12-12.49.33:712][243]LogModuleManager: Shutting down and abandoning module WebMMediaFactory (576)
[2019.10.12-12.49.33:712][243]LogModuleManager: Shutting down and abandoning module WebMMediaEditor (574)
[2019.10.12-12.49.33:712][243]LogModuleManager: Shutting down and abandoning module WebMMedia (572)
[2019.10.12-12.49.33:712][243]LogModuleManager: Shutting down and abandoning module MediaPlayerEditor (570)
[2019.10.12-12.49.33:712][243]LogModuleManager: Shutting down and abandoning module MediaCompositingEditor (568)
[2019.10.12-12.49.33:712][243]LogModuleManager: Shutting down and abandoning module SequenceRecorder (567)
[2019.10.12-12.49.33:713][243]LogModuleManager: Shutting down and abandoning module OpenExrWrapper (564)
[2019.10.12-12.49.33:713][243]LogModuleManager: Shutting down and abandoning module ImgMediaFactory (562)
[2019.10.12-12.49.33:713][243]LogModuleManager: Shutting down and abandoning module ImgMediaEditor (560)
[2019.10.12-12.49.33:713][243]LogModuleManager: Shutting down and abandoning module AvfMediaFactory (558)
[2019.10.12-12.49.33:713][243]LogModuleManager: Shutting down and abandoning module AvfMediaEditor (556)
[2019.10.12-12.49.33:713][243]LogModuleManager: Shutting down and abandoning module AndroidMediaFactory (554)
[2019.10.12-12.49.33:713][243]LogModuleManager: Shutting down and abandoning module AndroidMediaEditor (552)
[2019.10.12-12.49.33:713][243]LogModuleManager: Shutting down and abandoning module MagicLeapCameraPreviewFactory (550)
[2019.10.12-12.49.33:713][243]LogModuleManager: Shutting down and abandoning module MagicLeapMediaFactory (548)
[2019.10.12-12.49.33:713][243]LogModuleManager: Shutting down and abandoning module MagicLeapMediaEditor (546)
[2019.10.12-12.49.33:713][243]LogModuleManager: Shutting down and abandoning module CharacterAI (544)
[2019.10.12-12.49.33:713][243]LogModuleManager: Shutting down and abandoning module SmartSnapping (542)
[2019.10.12-12.49.33:713][243]LogModuleManager: Shutting down and abandoning module SessionServices (540)
[2019.10.12-12.49.33:713][243]LogModuleManager: Shutting down and abandoning module ViewportSnapping (538)
[2019.10.12-12.49.33:713][243]LogModuleManager: Shutting down and abandoning module ViewportInteraction (536)
[2019.10.12-12.49.33:713][243]LogModuleManager: Shutting down and abandoning module ClothPainter (534)
[2019.10.12-12.49.33:713][243]LogModuleManager: Shutting down and abandoning module SkeletalMeshEditor (533)
[2019.10.12-12.49.33:713][243]LogModuleManager: Shutting down and abandoning module LogVisualizer (530)
[2019.10.12-12.49.33:713][243]LogModuleManager: Shutting down and abandoning module IntroTutorials (528)
[2019.10.12-12.49.33:713][243]LogModuleManager: Shutting down and abandoning module GameProjectGeneration (527)
[2019.10.12-12.49.33:713][243]LogModuleManager: Shutting down and abandoning module LuminPlatformEditor (524)
[2019.10.12-12.49.33:713][243]LogModuleManager: Shutting down and abandoning module IOSPlatformEditor (522)
[2019.10.12-12.49.33:713][243]LogModuleManager: Shutting down and abandoning module HTML5PlatformEditor (520)
[2019.10.12-12.49.33:713][243]LogModuleManager: Shutting down and abandoning module AndroidPlatformEditor (518)
[2019.10.12-12.49.33:713][243]LogModuleManager: Shutting down and abandoning module AndroidDeviceDetection (517)
[2019.10.12-12.49.34:251][243]LogModuleManager: Shutting down and abandoning module WindowsPlatformEditor (514)
[2019.10.12-12.49.34:251][243]LogModuleManager: Shutting down and abandoning module LuminRuntimeSettings (512)
[2019.10.12-12.49.34:251][243]LogModuleManager: Shutting down and abandoning module IOSRuntimeSettings (510)
[2019.10.12-12.49.34:251][243]LogModuleManager: Shutting down and abandoning module AndroidRuntimeSettings (508)
[2019.10.12-12.49.34:251][243]LogModuleManager: Shutting down and abandoning module TimeManagementEditor (506)
[2019.10.12-12.49.34:251][243]LogModuleManager: Shutting down and abandoning module InputBindingEditor (504)
[2019.10.12-12.49.34:251][243]LogModuleManager: Shutting down and abandoning module MergeActors (502)
[2019.10.12-12.49.34:251][243]LogModuleManager: Shutting down and abandoning module LocalizationDashboard (500)
[2019.10.12-12.49.34:251][243]LogModuleManager: Shutting down and abandoning module LocalizationService (499)
[2019.10.12-12.49.34:251][243]LogModuleManager: Shutting down and abandoning module HardwareTargeting (496)
[2019.10.12-12.49.34:252][243]LogModuleManager: Shutting down and abandoning module DeviceProfileEditor (494)
[2019.10.12-12.49.34:252][243]LogModuleManager: Shutting down and abandoning module UndoHistory (492)
[2019.10.12-12.49.34:252][243]LogModuleManager: Shutting down and abandoning module XmlParser (490)
[2019.10.12-12.49.34:252][243]LogModuleManager: Shutting down and abandoning module Blutility (488)
[2019.10.12-12.49.34:252][243]LogModuleManager: Shutting down and abandoning module ProjectSettingsViewer (486)
[2019.10.12-12.49.34:252][243]LogModuleManager: Shutting down and abandoning module ProjectTargetPlatformEditor (485)
[2019.10.12-12.49.34:252][243]LogModuleManager: Shutting down and abandoning module EditorSettingsViewer (482)
[2019.10.12-12.49.34:252][243]LogModuleManager: Shutting down and abandoning module SettingsEditor (480)
[2019.10.12-12.49.34:252][243]LogModuleManager: Shutting down and abandoning module ProjectLauncher (478)
[2019.10.12-12.49.34:252][243]LogModuleManager: Shutting down and abandoning module SessionFrontend (476)
[2019.10.12-12.49.34:252][243]LogModuleManager: Shutting down and abandoning module ProfilerClient (474)
[2019.10.12-12.49.34:252][243]LogModuleManager: Shutting down and abandoning module DeviceManager (472)
[2019.10.12-12.49.34:252][243]LogModuleManager: Shutting down and abandoning module TargetDeviceServices (471)
[2019.10.12-12.49.34:307][243]LogModuleManager: Shutting down and abandoning module AutomationController (468)
[2019.10.12-12.49.34:307][243]LogModuleManager: Shutting down and abandoning module AutomationWindow (466)
[2019.10.12-12.49.34:307][243]LogModuleManager: Shutting down and abandoning module Layers (464)
[2019.10.12-12.49.34:307][243]LogModuleManager: Shutting down and abandoning module ComponentVisualizers (462)
[2019.10.12-12.49.34:307][243]LogModuleManager: Shutting down and abandoning module DetailCustomizations (460)
[2019.10.12-12.49.34:307][243]LogModuleManager: Shutting down and abandoning module PackagesDialog (458)
[2019.10.12-12.49.34:307][243]LogModuleManager: Shutting down and abandoning module Persona (456)
[2019.10.12-12.49.34:307][243]LogModuleManager: Shutting down and abandoning module AdvancedPreviewScene (455)
[2019.10.12-12.49.34:307][243]LogModuleManager: Shutting down and abandoning module AnimGraph (453)
[2019.10.12-12.49.34:307][243]LogModuleManager: Shutting down and abandoning module Kismet (450)
[2019.10.12-12.49.34:320][243]LogModuleManager: Shutting down and abandoning module GraphEditor (448)
[2019.10.12-12.49.34:320][243]LogModuleManager: Shutting down and abandoning module ClassViewer (446)
[2019.10.12-12.49.34:320][243]LogModuleManager: Shutting down and abandoning module Toolbox (444)
[2019.10.12-12.49.34:320][243]LogModuleManager: Shutting down and abandoning module ModuleUI (442)
[2019.10.12-12.49.34:320][243]LogModuleManager: Shutting down and abandoning module MovieSceneTools (440)
[2019.10.12-12.49.34:320][243]LogModuleManager: Shutting down and abandoning module OutputLog (438)
[2019.10.12-12.49.34:320][243]LogModuleManager: Shutting down and abandoning module GammaUI (436)
[2019.10.12-12.49.34:320][243]LogModuleManager: Shutting down and abandoning module Documentation (434)
[2019.10.12-12.49.34:320][243]LogModuleManager: Shutting down and abandoning module MovieSceneTracks (432)
[2019.10.12-12.49.34:320][243]LogModuleManager: Shutting down and abandoning module MovieScene (430)
[2019.10.12-12.49.34:320][243]LogModuleManager: Shutting down and abandoning module StreamingPauseRendering (428)
[2019.10.12-12.49.34:320][243]LogModuleManager: Shutting down and abandoning module LauncherPlatform (426)
[2019.10.12-12.49.34:320][243]LogModuleManager: Shutting down and abandoning module AnalyticsET (424)
[2019.10.12-12.49.34:320][243]LogModuleManager: Shutting down and abandoning module PortalServices (422)
[2019.10.12-12.49.34:320][243]LogModuleManager: Shutting down and abandoning module PortalRpc (420)
[2019.10.12-12.49.34:320][243]LogModuleManager: Shutting down and abandoning module MessagingRpc (418)
[2019.10.12-12.49.34:320][243]LogModuleManager: Shutting down and abandoning module AIModule (416)
[2019.10.12-12.49.34:320][243]LogModuleManager: Shutting down and abandoning module GameplayDebugger (415)
[2019.10.12-12.49.34:320][243]LogModuleManager: Shutting down and abandoning module AITestSuite (413)
[2019.10.12-12.49.34:320][243]LogModuleManager: Shutting down and abandoning module NavigationSystem (411)
[2019.10.12-12.49.34:320][243]LogModuleManager: Shutting down and abandoning module DesktopPlatform (408)
[2019.10.12-12.49.34:320][243]LogModuleManager: Shutting down and abandoning module ImageWriteQueue (406)
[2019.10.12-12.49.34:323][243]LogModuleManager: Shutting down and abandoning module ProfilerService (404)
[2019.10.12-12.49.34:422][243]LogModuleManager: Shutting down and abandoning module TaskGraph (402)
[2019.10.12-12.49.34:422][243]LogModuleManager: Shutting down and abandoning module SteamVRController (400)
[2019.10.12-12.49.34:422][243]LogModuleManager: Shutting down and abandoning module ProceduralMeshComponentEditor (398)
[2019.10.12-12.49.34:422][243]LogModuleManager: Shutting down and abandoning module ProceduralMeshComponent (396)
[2019.10.12-12.49.34:422][243]LogModuleManager: Shutting down and abandoning module OculusInput (394)
[2019.10.12-12.49.34:422][243]LogModuleManager: Shutting down and abandoning module MobilePatchingUtils (392)
[2019.10.12-12.49.34:422][243]LogModuleManager: Shutting down and abandoning module EditableMesh (390)
[2019.10.12-12.49.34:423][243]LogModuleManager: Shutting down and abandoning module CustomMeshComponent (388)
[2019.10.12-12.49.34:423][243]LogModuleManager: Shutting down and abandoning module CableComponent (386)
[2019.10.12-12.49.34:423][243]LogModuleManager: Shutting down and abandoning module AudioCapture (384)
[2019.10.12-12.49.34:423][243]LogModuleManager: Shutting down and abandoning module ArchVisCharacter (382)
[2019.10.12-12.49.34:423][243]LogModuleManager: Shutting down and abandoning module AndroidPermission (380)
[2019.10.12-12.49.34:423][243]LogModuleManager: Shutting down and abandoning module NUTUnrealEngine4 (378)
[2019.10.12-12.49.34:423][243]LogModuleManager: Shutting down and abandoning module NetcodeUnitTest (376)
[2019.10.12-12.49.34:423][243]LogModuleManager: Shutting down and abandoning module MediaCompositing (374)
[2019.10.12-12.49.34:423][243]LogModuleManager: Shutting down and abandoning module LinearTimecode (372)
[2019.10.12-12.49.34:423][243]LogModuleManager: Shutting down and abandoning module ImgMedia (370)
[2019.10.12-12.49.34:426][243]LogModuleManager: Shutting down and abandoning module HTML5Networking (368)
[2019.10.12-12.49.34:426][243]LogModuleManager: Shutting down and abandoning module GeometryCacheTracks (366)
[2019.10.12-12.49.34:426][243]LogModuleManager: Shutting down and abandoning module GeometryCacheSequencer (364)
[2019.10.12-12.49.34:426][243]LogModuleManager: Shutting down and abandoning module BackChannel (362)
[2019.10.12-12.49.34:426][243]LogModuleManager: Shutting down and abandoning module AppleVision (360)
[2019.10.12-12.49.34:426][243]LogModuleManager: Shutting down and abandoning module AppleImageUtilsBlueprintSupport (358)
[2019.10.12-12.49.34:426][243]LogModuleManager: Shutting down and abandoning module AppleImageUtils (356)
[2019.10.12-12.49.34:426][243]LogModuleManager: Shutting down and abandoning module AlembicImporter (354)
[2019.10.12-12.49.34:426][243]LogModuleManager: Shutting down and abandoning module AlembicLibrary (353)
[2019.10.12-12.49.34:426][243]LogModuleManager: Shutting down and abandoning module GeometryCache (352)
[2019.10.12-12.49.34:426][243]LogModuleManager: Shutting down and abandoning module GeometryCacheEd (351)
[2019.10.12-12.49.34:426][243]LogModuleManager: Shutting down and abandoning module VariantManagerContent (346)
[2019.10.12-12.49.34:426][243]LogModuleManager: Shutting down and abandoning module DatasmithContentEditor (344)
[2019.10.12-12.49.34:426][243]LogModuleManager: Shutting down and abandoning module SpeedTreeImporter (342)
[2019.10.12-12.49.34:426][243]LogModuleManager: Shutting down and abandoning module PluginBrowser (340)
[2019.10.12-12.49.34:426][243]LogModuleManager: Shutting down and abandoning module MobileLauncherProfileWizard (338)
[2019.10.12-12.49.34:426][243]LogModuleManager: Shutting down and abandoning module PolygonModeling (336)
[2019.10.12-12.49.34:426][243]LogModuleManager: Shutting down and abandoning module MeshEditor (334)
[2019.10.12-12.49.34:426][243]LogModuleManager: Shutting down and abandoning module CryptoKeysOpenSSL (332)
[2019.10.12-12.49.34:426][243]LogModuleManager: Shutting down and abandoning module CryptoKeys (330)
[2019.10.12-12.49.34:426][243]LogModuleManager: Shutting down and abandoning module VisualStudioSourceCodeAccess (328)
[2019.10.12-12.49.34:426][243]LogModuleManager: Shutting down and abandoning module VisualStudioCodeSourceCodeAccess (326)
[2019.10.12-12.49.34:426][243]LogModuleManager: Shutting down and abandoning module UObjectPlugin (324)
[2019.10.12-12.49.34:426][243]LogModuleManager: Shutting down and abandoning module SubversionSourceControl (322)
[2019.10.12-12.49.34:426][243]LogModuleManager: Shutting down and abandoning module PerforceSourceControl (320)
[2019.10.12-12.49.34:426][243]LogModuleManager: Shutting down and abandoning module GitSourceControl (318)
[2019.10.12-12.49.34:426][243]LogModuleManager: Shutting down and abandoning module SourceControl (317)
[2019.10.12-12.49.34:426][243]LogModuleManager: Shutting down and abandoning module CLionSourceCodeAccess (314)
[2019.10.12-12.49.34:426][243]LogModuleManager: Shutting down and abandoning module ActorLayerUtilitiesEditor (312)
[2019.10.12-12.49.34:426][243]LogModuleManager: Shutting down and abandoning module ActorLayerUtilities (310)
[2019.10.12-12.49.34:426][243]LogModuleManager: Shutting down and abandoning module LightPropagationVolumeEditor (308)
[2019.10.12-12.49.34:427][243]LogModuleManager: Shutting down and abandoning module PaperTiledImporter (306)
[2019.10.12-12.49.34:427][243]LogModuleManager: Shutting down and abandoning module PaperSpriteSheetImporter (304)
[2019.10.12-12.49.34:427][243]LogModuleManager: Shutting down and abandoning module Paper2DEditor (302)
[2019.10.12-12.49.34:427][243]LogModuleManager: Shutting down and abandoning module MeshPaint (301)
[2019.10.12-12.49.34:427][243]LogModuleManager: Shutting down and abandoning module RuntimePhysXCooking (298)
[2019.10.12-12.49.34:427][243]LogModuleManager: Shutting down and abandoning module PhysXVehiclesEditor (296)
[2019.10.12-12.49.34:427][243]LogModuleManager: Shutting down and abandoning module PhysXVehicles (294)
[2019.10.12-12.49.34:427][243]LogModuleManager: Shutting down and abandoning module OculusEditor (292)
[2019.10.12-12.49.34:427][243]LogModuleManager: Shutting down and abandoning module LocationServicesBPLibrary (290)
[2019.10.12-12.49.34:427][243]LogModuleManager: Shutting down and abandoning module ApexDestructionEditor (288)
[2019.10.12-12.49.34:427][243]LogModuleManager: Shutting down and abandoning module ApexDestruction (286)
[2019.10.12-12.49.34:427][243]LogModuleManager: Shutting down and abandoning module ActorSequence (284)
[2019.10.12-12.49.34:427][243]LogModuleManager: Shutting down and abandoning module UdpMessaging (282)
[2019.10.12-12.49.34:528][243]LogModuleManager: Shutting down and abandoning module TcpMessaging (280)
[2019.10.12-12.49.34:629][243]LogModuleManager: Shutting down and abandoning module MagicLeapAudio (278)
[2019.10.12-12.49.34:629][243]LogModuleManager: Shutting down and abandoning module GameplayTagsEditor (276)
[2019.10.12-12.49.34:629][243]LogModuleManager: Shutting down and abandoning module FacialAnimationEditor (274)
[2019.10.12-12.49.34:629][243]LogModuleManager: Shutting down and abandoning module FacialAnimation (272)
[2019.10.12-12.49.34:629][243]LogModuleManager: Shutting down and abandoning module DataValidation (270)
[2019.10.12-12.49.34:629][243]LogModuleManager: Shutting down and abandoning module AssetManagerEditor (268)
[2019.10.12-12.49.34:629][243]LogModuleManager: Shutting down and abandoning module LevelEditor (267)
[2019.10.12-12.49.34:629][243]LogModuleManager: Shutting down and abandoning module PixelInspectorModule (266)
[2019.10.12-12.49.34:629][243]LogModuleManager: Shutting down and abandoning module CommonMenuExtensions (264)
[2019.10.12-12.49.34:630][243]LogModuleManager: Shutting down and abandoning module MainFrame (262)
[2019.10.12-12.49.34:630][243]LogModuleManager: Shutting down and abandoning module HotReload (261)
[2019.10.12-12.49.34:630][243]LogModuleManager: Shutting down and abandoning module ContentBrowser (257)
[2019.10.12-12.49.34:631][243]LogModuleManager: Shutting down and abandoning module TreeMap (255)
[2019.10.12-12.49.34:631][243]LogModuleManager: Shutting down and abandoning module LightPropagationVolumeRuntime (252)
[2019.10.12-12.49.34:631][243]LogModuleManager: Shutting down and abandoning module AISupportModule (250)
[2019.10.12-12.49.34:631][243]LogModuleManager: Shutting down and abandoning module Paper2D (248)
[2019.10.12-12.49.34:631][243]LogModuleManager: Shutting down and abandoning module WindowsMoviePlayer (246)
[2019.10.12-12.49.34:631][243]LogModuleManager: Shutting down and abandoning module WebMMoviePlayer (244)
[2019.10.12-12.49.34:631][243]LogModuleManager: Shutting down and abandoning module WmfMedia (242)
[2019.10.12-12.49.34:633][243]LogModuleManager: Shutting down and abandoning module Media (241)
[2019.10.12-12.49.34:639][243]LogModuleManager: Shutting down and abandoning module PacketHandler (238)
[2019.10.12-12.49.34:639][243]LogModuleManager: Shutting down and abandoning module ClothingSystemEditor (236)
[2019.10.12-12.49.34:639][243]LogModuleManager: Shutting down and abandoning module ClothingSystemRuntime (234)
[2019.10.12-12.49.34:639][243]LogModuleManager: Shutting down and abandoning module MediaAssets (232)
[2019.10.12-12.49.34:639][243]LogModuleManager: Shutting down and abandoning module Overlay (230)
[2019.10.12-12.49.34:639][243]LogModuleManager: Shutting down and abandoning module OverlayEditor (229)
[2019.10.12-12.49.34:639][243]LogModuleManager: Shutting down and abandoning module VREditor (226)
[2019.10.12-12.49.34:639][243]LogModuleManager: Shutting down and abandoning module StringTableEditor (224)
[2019.10.12-12.49.34:639][243]LogModuleManager: Shutting down and abandoning module GameplayTasksEditor (222)
[2019.10.12-12.49.34:639][243]LogModuleManager: Shutting down and abandoning module BehaviorTreeEditor (220)
[2019.10.12-12.49.34:639][243]LogModuleManager: Shutting down and abandoning module FunctionalTesting (218)
[2019.10.12-12.49.34:640][243]LogModuleManager: Shutting down and abandoning module CollisionAnalyzer (216)
[2019.10.12-12.49.34:640][243]LogModuleManager: Shutting down and abandoning module WorkspaceMenuStructure (215)
[2019.10.12-12.49.34:640][243]LogModuleManager: Shutting down and abandoning module UMG (212)
[2019.10.12-12.49.34:640][243]LogModuleManager: Shutting down and abandoning module UMGEditor (211)
[2019.10.12-12.49.34:640][243]LogModuleManager: Shutting down and abandoning module Sequencer (210)
[2019.10.12-12.49.34:640][243]LogModuleManager: Shutting down and abandoning module MessageLog (207)
[2019.10.12-12.49.34:640][243]LogModuleManager: Shutting down and abandoning module SlateReflector (202)
[2019.10.12-12.49.34:640][243]LogModuleManager: Shutting down and abandoning module Slate (200)
[2019.10.12-12.49.34:640][243]LogModuleManager: Shutting down and abandoning module EditorStyle (198)
[2019.10.12-12.49.34:642][243]LogModuleManager: Shutting down and abandoning module MRMesh (196)
[2019.10.12-12.49.34:642][243]LogModuleManager: Shutting down and abandoning module SourceCodeAccess (194)
[2019.10.12-12.49.34:642][243]LogModuleManager: Shutting down and abandoning module HeadMountedDisplay (192)
[2019.10.12-12.49.34:642][243]LogModuleManager: Shutting down and abandoning module XAudio2 (190)
[2019.10.12-12.49.34:642][243]LogModuleManager: Shutting down and abandoning module Networking (188)
[2019.10.12-12.49.34:642][243]LogModuleManager: Shutting down and abandoning module Core (186)
[2019.10.12-12.49.34:642][243]LogModuleManager: Shutting down and abandoning module LevelSequence (184)
[2019.10.12-12.49.34:642][243]LogModuleManager: Shutting down and abandoning module KismetCompiler (182)
[2019.10.12-12.49.34:642][243]LogModuleManager: Shutting down and abandoning module MeshUtilities (180)
[2019.10.12-12.49.34:642][243]LogModuleManager: Shutting down and abandoning module MeshMergeUtilities (179)
[2019.10.12-12.49.34:642][243]LogModuleManager: Shutting down and abandoning module MeshReductionInterface (178)
[2019.10.12-12.49.34:642][243]LogModuleManager: Shutting down and abandoning module SimplygonSwarm (177)
[2019.10.12-12.49.34:642][243]LogModuleManager: Shutting down and abandoning module ProxyLODMeshReduction (175)
[2019.10.12-12.49.34:642][243]LogModuleManager: Shutting down and abandoning module SimplygonMeshReduction (173)
[2019.10.12-12.49.34:642][243]LogModuleManager: Shutting down and abandoning module QuadricMeshReduction (171)
[2019.10.12-12.49.34:642][243]LogModuleManager: Shutting down and abandoning module MaterialBaking (167)
[2019.10.12-12.49.34:642][243]LogModuleManager: Shutting down and abandoning module DirectoryWatcher (163)
[2019.10.12-12.49.34:642][243]LogModuleManager: Shutting down and abandoning module DerivedDataCache (160)
[2019.10.12-12.49.34:716][243]LogDerivedDataCache: Shutdown
[2019.10.12-12.49.34:716][243]LogModuleManager: Shutting down and abandoning module XGEController (158)
[2019.10.12-12.49.34:716][243]LogModuleManager: Shutting down and abandoning module TargetPlatform (156)
[2019.10.12-12.49.34:716][243]LogModuleManager: Shutting down and abandoning module VulkanShaderFormat (155)
[2019.10.12-12.49.34:716][243]LogModuleManager: Shutting down and abandoning module ShaderFormatVectorVM (153)
[2019.10.12-12.49.34:716][243]LogModuleManager: Shutting down and abandoning module ShaderFormatOpenGL (151)
[2019.10.12-12.49.34:716][243]LogModuleManager: Shutting down and abandoning module ShaderFormatD3D (149)
[2019.10.12-12.49.34:716][243]LogModuleManager: Shutting down and abandoning module MetalShaderFormat (147)
[2019.10.12-12.49.34:716][243]LogModuleManager: Shutting down and abandoning module TextureFormatUncompressed (145)
[2019.10.12-12.49.34:716][243]LogModuleManager: Shutting down and abandoning module TextureFormatPVR (143)
[2019.10.12-12.49.34:716][243]LogModuleManager: Shutting down and abandoning module TextureFormatDXT (141)
[2019.10.12-12.49.34:716][243]LogModuleManager: Shutting down and abandoning module TextureFormatIntelISPCTexComp (139)
[2019.10.12-12.49.34:717][243]LogModuleManager: Shutting down and abandoning module TextureFormatASTC (137)
[2019.10.12-12.49.34:717][243]LogModuleManager: Shutting down and abandoning module ImageWrapper (136)
[2019.10.12-12.49.34:717][243]LogModuleManager: Shutting down and abandoning module TextureFormatAndroid (133)
[2019.10.12-12.49.34:717][243]LogModuleManager: Shutting down and abandoning module AudioFormatOpus (131)
[2019.10.12-12.49.34:717][243]LogModuleManager: Shutting down and abandoning module AudioFormatOgg (129)
[2019.10.12-12.49.34:717][243]LogModuleManager: Shutting down and abandoning module AudioFormatADPCM (127)
[2019.10.12-12.49.34:717][243]LogModuleManager: Shutting down and abandoning module LuminTargetPlatform (125)
[2019.10.12-12.49.34:717][243]LogModuleManager: Shutting down and abandoning module LinuxTargetPlatform (123)
[2019.10.12-12.49.34:717][243]LogModuleManager: Shutting down and abandoning module LinuxServerTargetPlatform (121)
[2019.10.12-12.49.34:717][243]LogModuleManager: Shutting down and abandoning module LinuxNoEditorTargetPlatform (119)
[2019.10.12-12.49.34:717][243]LogModuleManager: Shutting down and abandoning module LinuxClientTargetPlatform (117)
[2019.10.12-12.49.34:717][243]LogModuleManager: Shutting down and abandoning module TVOSTargetPlatform (115)
[2019.10.12-12.49.34:718][243]LogModuleManager: Shutting down and abandoning module Messaging (113)
[2019.10.12-12.49.34:718][243]LogModuleManager: Shutting down and abandoning module IOSTargetPlatform (111)
[2019.10.12-12.49.34:719][243]LogModuleManager: Shutting down and abandoning module HTML5TargetPlatform (109)
[2019.10.12-12.49.34:719][243]LogModuleManager: Shutting down and abandoning module AndroidTargetPlatform (107)
[2019.10.12-12.49.34:724][243]LogModuleManager: Shutting down and abandoning module WindowsTargetPlatform (105)
[2019.10.12-12.49.34:724][243]LogModuleManager: Shutting down and abandoning module WindowsServerTargetPlatform (103)
[2019.10.12-12.49.34:724][243]LogModuleManager: Shutting down and abandoning module WindowsNoEditorTargetPlatform (101)
[2019.10.12-12.49.34:724][243]LogModuleManager: Shutting down and abandoning module WindowsClientTargetPlatform (99)
[2019.10.12-12.49.34:724][243]LogModuleManager: Shutting down and abandoning module MacTargetPlatform (97)
[2019.10.12-12.49.34:724][243]LogModuleManager: Shutting down and abandoning module MacServerTargetPlatform (95)
[2019.10.12-12.49.34:724][243]LogModuleManager: Shutting down and abandoning module MacNoEditorTargetPlatform (93)
[2019.10.12-12.49.34:724][243]LogModuleManager: Shutting down and abandoning module MacClientTargetPlatform (91)
[2019.10.12-12.49.34:724][243]LogModuleManager: Shutting down and abandoning module AllDesktopTargetPlatform (89)
[2019.10.12-12.49.34:724][243]LogModuleManager: Shutting down and abandoning module InputCore (86)
[2019.10.12-12.49.34:724][243]LogModuleManager: Shutting down and abandoning module Settings (84)
[2019.10.12-12.49.34:724][243]LogModuleManager: Shutting down and abandoning module PhysXCooking (82)
[2019.10.12-12.49.34:724][243]LogModuleManager: Shutting down and abandoning module SteamVR (80)
[2019.10.12-12.49.34:724][243]LogHMD: Freeing OpenVRDLLHandle.
[2019.10.12-12.49.34:724][243]LogModuleManager: Shutting down and abandoning module OculusHMD (78)
[2019.10.12-12.49.34:724][243]LogModuleManager: Shutting down and abandoning module ExampleDeviceProfileSelector (76)
[2019.10.12-12.49.34:724][243]LogModuleManager: Shutting down and abandoning module LauncherChunkInstaller (74)
[2019.10.12-12.49.34:724][243]LogModuleManager: Shutting down and abandoning module OnlineBlueprintSupport (72)
[2019.10.12-12.49.34:724][243]LogModuleManager: Shutting down and abandoning module OnlineSubsystem (68)
[2019.10.12-12.49.34:725][243]LogModuleManager: Shutting down and abandoning module XMPP (63)
[2019.10.12-12.49.34:725][243]LogModuleManager: Shutting down and abandoning module WebSockets (62)
[2019.10.12-12.49.34:751][243]LogModuleManager: Shutting down and abandoning module HTTP (59)
[2019.10.12-12.49.34:751][243]LogHttp: Display: Http module shutting down, but needs to wait on 1 outstanding Http requests:
[2019.10.12-12.49.34:751][243]LogHttp: Display: 	verb=[POST] url=[https://datarouter.ol.epicgames.com/datarouter/api/v1/public/data?SessionID=%7B26B8A3E9-41E4-5BF7-8CDF-18AF31BCD1E9%7D&AppID=UEEditor.Rocket.Release&AppVersion=4.21.2-4753647%2B%2B%2BUE4%2BRelease-4.21&UserID=0c32a81548a272f8b02680b6da62a9b5%7C3cc085733dda48c48b9ecd579c6d6056%7C38ea8ff7-c498-4c93-bb60-fbd351f33d27&AppEnvironment=datacollector-binary&UploadType=eteventstream] status=Processing
[2019.10.12-12.49.34:779][243]LogModuleManager: Shutting down and abandoning module SSL (58)
[2019.10.12-12.49.34:780][243]LogModuleManager: Shutting down and abandoning module MagicLeapIdentity (54)
[2019.10.12-12.49.34:780][243]LogModuleManager: Shutting down and abandoning module MagicLeapHelperVulkan (52)
[2019.10.12-12.49.34:780][243]LogModuleManager: Shutting down and abandoning module MagicLeapHelperOpenGL (50)
[2019.10.12-12.49.34:780][243]LogModuleManager: Shutting down and abandoning module MagicLeapSecureStorage (48)
[2019.10.12-12.49.34:780][243]LogModuleManager: Shutting down and abandoning module MagicLeapHandTracking (46)
[2019.10.12-12.49.34:780][243]LogModuleManager: Shutting down and abandoning module MagicLeapEyeTracker (44)
[2019.10.12-12.49.34:780][243]LogModuleManager: Shutting down and abandoning module MagicLeapController (42)
[2019.10.12-12.49.34:780][243]LogSlate: Slate User Destroyed.  User Index 0, Is Virtual User: 0
[2019.10.12-12.49.34:780][243]LogModuleManager: Shutting down and abandoning module MagicLeap (40)
[2019.10.12-12.49.34:781][243]LogModuleManager: Shutting down and abandoning module DatasmithContent (38)
[2019.10.12-12.49.34:781][243]LogModuleManager: Shutting down and abandoning module AnimationModifiers (36)
[2019.10.12-12.49.34:781][243]LogModuleManager: Shutting down and abandoning module PropertyEditor (35)
[2019.10.12-12.49.34:781][243]LogModuleManager: Shutting down and abandoning module AudioEditor (32)
[2019.10.12-12.49.34:781][243]LogModuleManager: Shutting down and abandoning module TextureCompressor (30)
[2019.10.12-12.49.34:781][243]LogModuleManager: Shutting down and abandoning module ShaderCore (28)
[2019.10.12-12.49.34:781][243]LogModuleManager: Shutting down and abandoning module Landscape (26)
[2019.10.12-12.49.34:781][243]LogModuleManager: Shutting down and abandoning module SlateRHIRenderer (24)
[2019.10.12-12.49.34:782][243]LogModuleManager: Shutting down and abandoning module OpenGLDrv (22)
[2019.10.12-12.49.34:782][243]LogModuleManager: Shutting down and abandoning module D3D11RHI (20)
[2019.10.12-12.49.34:782][243]LogModuleManager: Shutting down and abandoning module AnimGraphRuntime (18)
[2019.10.12-12.49.34:782][243]LogModuleManager: Shutting down and abandoning module Renderer (16)
[2019.10.12-12.49.34:782][243]LogModuleManager: Shutting down and abandoning module Engine (14)
[2019.10.12-12.49.34:782][243]LogModuleManager: Shutting down and abandoning module CoreUObject (12)
[2019.10.12-12.49.34:782][243]LogModuleManager: Shutting down and abandoning module NetworkFile (10)
[2019.10.12-12.49.34:782][243]LogModuleManager: Shutting down and abandoning module CookedIterativeFile (8)
[2019.10.12-12.49.34:782][243]LogModuleManager: Shutting down and abandoning module StreamingFile (6)
[2019.10.12-12.49.34:782][243]LogModuleManager: Shutting down and abandoning module SandboxFile (4)
[2019.10.12-12.49.34:782][243]LogModuleManager: Shutting down and abandoning module PakFile (2)
[2019.10.12-12.49.34:793][243]LogExit: Exiting.
[2019.10.12-12.49.34:799][243]Log file closed, 10/12/19 14:49:34
